 0.60000 -149.54649
 0.65455 -4.86866
 0.70909 -35.63042
 0.76364 -98.12999
 0.81818 -139.55935
 0.87273 -148.92999
 0.92727 -131.85056
 0.98182 -98.40592
 1.03636 -57.96164
 1.09091 -17.43326
 1.14545 18.85692
 1.20000 48.70852
 1.25455 71.42874
 1.30909 87.27777
 1.36364 97.04077
 1.41818 101.73001
 1.47273 102.39544
 1.52727 100.01614
 1.58182 95.44726
 1.63636 89.40216
 1.69091 82.45516
 1.74545 75.05493
 1.80000 67.54221
 1.85455 60.16822
 1.90909 53.11165
 1.96364 46.49362
 2.01818 40.39013
 2.07273 34.84237
 2.12727 29.86496
 2.18182 25.45262
 2.23636 21.58548
 2.29091 18.23328
 2.34545 15.35875
 2.40000 12.92032
 2.45455 10.87422
 2.50909  9.17620
 2.56364  7.78280
 2.61818  6.65235
 2.67273  5.74569
 2.72727  5.02668
 2.78182  4.46252
 2.83636  4.02388
 2.89091  3.68498
 2.94545  3.42347
 3.00000  3.22030
 3.05455  3.05954
 3.10909  2.92809
 3.16364  2.81543
 3.21818  2.71335
 3.27273  2.61563
 3.32727  2.51777
 3.38182  2.41674
 3.43636  2.31070
 3.49091  2.19880
 3.54545  2.08096
 3.60000  1.95765
 3.65455  1.82981
 3.70909  1.69865
 3.76364  1.56554
 3.81818  1.43194
 3.87273  1.29931
 3.92727  1.16904
 3.98182  1.04242
 4.03636  0.92062
 4.09091  0.80463
 4.14545  0.69527
 4.20000  0.59320
 4.25455  0.49890
 4.30909  0.41268
 4.36364  0.33469
 4.41818  0.26494
 4.47273  0.20333
 4.52727  0.14961
 4.58182  0.10346
 4.63636  0.06447
 4.69091  0.03218
 4.74545  0.00606
 4.80000 -0.01445
 4.85455 -0.02992
 4.90909 -0.04094
 4.96364 -0.04809
 5.01818 -0.05194
 5.07273 -0.05306
 5.12727 -0.05196
 5.18182 -0.04914
 5.23636 -0.04505
 5.29091 -0.04012
 5.34545 -0.03470
 5.40000 -0.02912
 5.45455 -0.02364
 5.50909 -0.01850
 5.56364 -0.01387
 5.61818 -0.00987
 5.67273 -0.00657
 5.72727 -0.00400
 5.78182 -0.00215
 5.83636 -0.00095
 5.89091 -0.00029
 5.94545 -0.00004
 6.00000  0.00000
