 0.60000 -5484.96141
 0.65455 -1470.18272
 0.70909 112.46152
 0.76364 563.75858
 0.81818 549.43081
 0.87273 388.99851
 0.92727 220.51318
 0.98182 92.06988
 1.03636 10.92461
 1.09091 -31.37316
 1.14545 -47.01779
 1.20000 -46.92906
 1.25455 -39.18586
 1.30909 -29.01858
 1.36364 -19.38183
 1.41818 -11.63772
 1.47273 -6.15206
 1.52727 -2.74302
 1.58182 -0.98525
 1.63636 -0.39654
 1.69091 -0.53902
 1.74545 -1.06348
 1.80000 -1.71903
 1.85455 -2.34404
 1.90909 -2.84888
 1.96364 -3.19669
 2.01818 -3.38584
 2.07273 -3.43556
 2.12727 -3.37508
 2.18182 -3.23619
 2.23636 -3.04854
 2.29091 -2.83705
 2.34545 -2.62095
 2.40000 -2.41372
 2.45455 -2.22378
 2.50909 -2.05533
 2.56364 -1.90939
 2.61818 -1.78473
 2.67273 -1.67876
 2.72727 -1.58813
 2.78182 -1.50934
 2.83636 -1.43903
 2.89091 -1.37427
 2.94545 -1.31264
 3.00000 -1.25231
 3.05455 -1.19203
 3.10909 -1.13105
 3.16364 -1.06905
 3.21818 -1.00608
 3.27273 -0.94243
 3.32727 -0.87859
 3.38182 -0.81515
 3.43636 -0.75273
 3.49091 -0.69195
 3.54545 -0.63339
 3.60000 -0.57756
 3.65455 -0.52486
 3.70909 -0.47562
 3.76364 -0.43005
 3.81818 -0.38828
 3.87273 -0.35032
 3.92727 -0.31613
 3.98182 -0.28559
 4.03636 -0.25851
 4.09091 -0.23469
 4.14545 -0.21385
 4.20000 -0.19573
 4.25455 -0.18003
 4.30909 -0.16647
 4.36364 -0.15474
 4.41818 -0.14458
 4.47273 -0.13572
 4.52727 -0.12792
 4.58182 -0.12096
 4.63636 -0.11463
 4.69091 -0.10877
 4.74545 -0.10323
 4.80000 -0.09788
 4.85455 -0.09263
 4.90909 -0.08739
 4.96364 -0.08212
 5.01818 -0.07677
 5.07273 -0.07134
 5.12727 -0.06582
 5.18182 -0.06021
 5.23636 -0.05456
 5.29091 -0.04888
 5.34545 -0.04323
 5.40000 -0.03767
 5.45455 -0.03224
 5.50909 -0.02701
 5.56364 -0.02204
 5.61818 -0.01741
 5.67273 -0.01318
 5.72727 -0.00941
 5.78182 -0.00619
 5.83636 -0.00357
 5.89091 -0.00163
 5.94545 -0.00042
 6.00000  0.00000
