 0.60000 214.39845
 0.65455 62.43720
 0.70909 26.47915
 0.76364 -3.28980
 0.81818 -26.28200
 0.87273 -40.51567
 0.92727 -47.91834
 0.98182 -50.63708
 1.03636 -50.14432
 1.09091 -47.55101
 1.14545 -43.82669
 1.20000 -39.76842
 1.25455 -35.90953
 1.30909 -32.49756
 1.36364 -29.55456
 1.41818 -26.97573
 1.47273 -24.62119
 1.52727 -22.37649
 1.58182 -20.17827
 1.63636 -18.01379
 1.69091 -15.90649
 1.74545 -13.89771
 1.80000 -12.03097
 1.85455 -10.34161
 1.90909 -8.85177
 1.96364 -7.56966
 2.01818 -6.49143
 2.07273 -5.60425
 2.12727 -4.88953
 2.18182 -4.32577
 2.23636 -3.89064
 2.29091 -3.56247
 2.34545 -3.32108
 2.40000 -3.14823
 2.45455 -3.02779
 2.50909 -2.94574
 2.56364 -2.89007
 2.61818 -2.85071
 2.67273 -2.81938
 2.72727 -2.78948
 2.78182 -2.75595
 2.83636 -2.71514
 2.89091 -2.66464
 2.94545 -2.60316
 3.00000 -2.53031
 3.05455 -2.44647
 3.10909 -2.35261
 3.16364 -2.25012
 3.21818 -2.14066
 3.27273 -2.02605
 3.32727 -1.90813
 3.38182 -1.78870
 3.43636 -1.66941
 3.49091 -1.55175
 3.54545 -1.43700
 3.60000 -1.32623
 3.65455 -1.22026
 3.70909 -1.11971
 3.76364 -1.02499
 3.81818 -0.93634
 3.87273 -0.85383
 3.92727 -0.77740
 3.98182 -0.70690
 4.03636 -0.64208
 4.09091 -0.58263
 4.14545 -0.52823
 4.20000 -0.47850
 4.25455 -0.43308
 4.30909 -0.39159
 4.36364 -0.35368
 4.41818 -0.31902
 4.47273 -0.28730
 4.52727 -0.25824
 4.58182 -0.23158
 4.63636 -0.20711
 4.69091 -0.18462
 4.74545 -0.16395
 4.80000 -0.14496
 4.85455 -0.12751
 4.90909 -0.11151
 4.96364 -0.09686
 5.01818 -0.08350
 5.07273 -0.07135
 5.12727 -0.06036
 5.18182 -0.05049
 5.23636 -0.04167
 5.29091 -0.03388
 5.34545 -0.02706
 5.40000 -0.02116
 5.45455 -0.01614
 5.50909 -0.01194
 5.56364 -0.00851
 5.61818 -0.00578
 5.67273 -0.00369
 5.72727 -0.00217
 5.78182 -0.00113
 5.83636 -0.00048
 5.89091 -0.00014
 5.94545 -0.00002
 6.00000  0.00000
