 0.60000 1454.31152
 0.65455 158.74977
 0.70909 -307.36304
 0.76364 -389.18653
 0.81818 -318.94284
 0.87273 -209.55039
 0.92727 -109.68334
 0.98182 -35.34437
 1.03636 12.62081
 1.09091 39.24631
 1.14545 50.86464
 1.20000 53.10451
 1.25455 50.23141
 1.30909 45.12982
 1.36364 39.54552
 1.41818 34.39278
 1.47273 30.03638
 1.52727 26.51513
 1.58182 23.70230
 1.63636 21.41086
 1.69091 19.45588
 1.74545 17.68627
 1.80000 15.99630
 1.85455 14.32487
 1.90909 12.64839
 1.96364 10.97111
 2.01818  9.31530
 2.07273  7.71252
 2.12727  6.19682
 2.18182  4.79969
 2.23636  3.54689
 2.29091  2.45669
 2.34545  1.53939
 2.40000  0.79755
 2.45455  0.22691
 2.50909 -0.18249
 2.56364 -0.44494
 2.61818 -0.57775
 2.67273 -0.60003
 2.72727 -0.53160
 2.78182 -0.39209
 2.83636 -0.20021
 2.89091  0.02674
 2.94545  0.27330
 3.00000  0.52602
 3.05455  0.77359
 3.10909  1.00679
 3.16364  1.21846
 3.21818  1.40336
 3.27273  1.55792
 3.32727  1.68016
 3.38182  1.76936
 3.43636  1.82594
 3.49091  1.85121
 3.54545  1.84717
 3.60000  1.81636
 3.65455  1.76171
 3.70909  1.68635
 3.76364  1.59353
 3.81818  1.48652
 3.87273  1.36851
 3.92727  1.24255
 3.98182  1.11152
 4.03636  0.97805
 4.09091  0.84454
 4.14545  0.71309
 4.20000  0.58558
 4.25455  0.46356
 4.30909  0.34835
 4.36364  0.24101
 4.41818  0.14235
 4.47273  0.05295
 4.52727 -0.02682
 4.58182 -0.09676
 4.63636 -0.15686
 4.69091 -0.20724
 4.74545 -0.24818
 4.80000 -0.28004
 4.85455 -0.30330
 4.90909 -0.31851
 4.96364 -0.32629
 5.01818 -0.32729
 5.07273 -0.32223
 5.12727 -0.31183
 5.18182 -0.29684
 5.23636 -0.27800
 5.29091 -0.25608
 5.34545 -0.23181
 5.40000 -0.20592
 5.45455 -0.17914
 5.50909 -0.15215
 5.56364 -0.12561
 5.61818 -0.10018
 5.67273 -0.07644
 5.72727 -0.05499
 5.78182 -0.03637
 5.83636 -0.02110
 5.89091 -0.00965
 5.94545 -0.00248
 6.00000  0.00000
