 0.75000 -23.37855
 0.80303 66.68780
 0.85606 -12.52271
 0.90909 -21.06836
 0.96212 22.01684
 1.01515 65.43332
 1.06818 82.56954
 1.12121 71.57415
 1.17424 43.00843
 1.22727  9.63692
 1.28030 -18.89041
 1.33333 -37.53478
 1.38636 -45.26108
 1.43939 -43.65618
 1.49242 -35.54799
 1.54545 -23.96407
 1.59848 -11.50092
 1.65152 -0.04279
 1.70455  9.27559
 1.75758 15.96529
 1.81061 20.01891
 1.86364 21.73915
 1.91667 21.59023
 1.96970 20.08492
 2.02273 17.70846
 2.07576 14.87489
 2.12879 11.90829
 2.18182  9.04140
 2.23485  6.42485
 2.28788  4.14169
 2.34091  2.22361
 2.39394  0.66619
 2.44697 -0.55793
 2.50000 -1.48860
 2.55303 -2.17051
 2.60606 -2.64792
 2.65909 -2.96148
 2.71212 -3.14658
 2.76515 -3.23280
 2.81818 -3.24409
 2.87121 -3.19940
 2.92424 -3.11345
 2.97727 -2.99761
 3.03030 -2.86061
 3.08333 -2.70928
 3.13636 -2.54903
 3.18939 -2.38425
 3.24242 -2.21862
 3.29545 -2.05523
 3.34848 -1.89674
 3.40152 -1.74540
 3.45455 -1.60310
 3.50758 -1.47130
 3.56061 -1.35113
 3.61364 -1.24328
 3.66667 -1.14811
 3.71970 -1.06557
 3.77273 -0.99532
 3.82576 -0.93668
 3.87879 -0.88875
 3.93182 -0.85040
 3.98485 -0.82037
 4.03788 -0.79730
 4.09091 -0.77978
 4.14394 -0.76640
 4.19697 -0.75582
 4.25000 -0.74676
 4.30303 -0.73806
 4.35606 -0.72872
 4.40909 -0.71786
 4.46212 -0.70480
 4.51515 -0.68900
 4.56818 -0.67012
 4.62121 -0.64796
 4.67424 -0.62249
 4.72727 -0.59380
 4.78030 -0.56213
 4.83333 -0.52780
 4.88636 -0.49124
 4.93939 -0.45294
 4.99242 -0.41344
 5.04545 -0.37331
 5.09848 -0.33314
 5.15152 -0.29351
 5.20455 -0.25498
 5.25758 -0.21808
 5.31061 -0.18327
 5.36364 -0.15098
 5.41667 -0.12157
 5.46970 -0.09529
 5.52273 -0.07234
 5.57576 -0.05281
 5.62879 -0.03672
 5.68182 -0.02395
 5.73485 -0.01434
 5.78788 -0.00758
 5.84091 -0.00330
 5.89394 -0.00101
 5.94697 -0.00013
 6.00000  0.00000
