 0.60000 114.04413
 0.65455 -60.27732
 0.70909 -89.89829
 0.76364 -68.20825
 0.81818 -36.66205
 0.87273 -10.82188
 0.92727  5.67932
 0.98182 13.98524
 1.03636 16.59189
 1.09091 15.88513
 1.14545 13.65296
 1.20000 11.04015
 1.25455  8.67084
 1.30909  6.80802
 1.36364  5.49457
 1.41818  4.65864
 1.47273  4.18362
 1.52727  3.94961
 1.58182  3.85433
 1.63636  3.82090
 1.69091  3.79783
 1.74545  3.75521
 1.80000  3.67949
 1.85455  3.56828
 1.90909  3.42599
 1.96364  3.26037
 2.01818  3.08016
 2.07273  2.89355
 2.12727  2.70737
 2.18182  2.52678
 2.23636  2.35522
 2.29091  2.19464
 2.34545  2.04580
 2.40000  1.90856
 2.45455  1.78217
 2.50909  1.66557
 2.56364  1.55754
 2.61818  1.45689
 2.67273  1.36250
 2.72727  1.27347
 2.78182  1.18904
 2.83636  1.10866
 2.89091  1.03195
 2.94545  0.95868
 3.00000  0.88873
 3.05455  0.82207
 3.10909  0.75871
 3.16364  0.69870
 3.21818  0.64210
 3.27273  0.58896
 3.32727  0.53929
 3.38182  0.49310
 3.43636  0.45035
 3.49091  0.41096
 3.54545  0.37482
 3.60000  0.34181
 3.65455  0.31176
 3.70909  0.28449
 3.76364  0.25981
 3.81818  0.23751
 3.87273  0.21738
 3.92727  0.19922
 3.98182  0.18283
 4.03636  0.16800
 4.09091  0.15457
 4.14545  0.14235
 4.20000  0.13119
 4.25455  0.12095
 4.30909  0.11151
 4.36364  0.10276
 4.41818  0.09460
 4.47273  0.08696
 4.52727  0.07977
 4.58182  0.07299
 4.63636  0.06657
 4.69091  0.06048
 4.74545  0.05470
 4.80000  0.04921
 4.85455  0.04402
 4.90909  0.03911
 4.96364  0.03448
 5.01818  0.03015
 5.07273  0.02611
 5.12727  0.02237
 5.18182  0.01893
 5.23636  0.01580
 5.29091  0.01298
 5.34545  0.01047
 5.40000  0.00826
 5.45455  0.00636
 5.50909  0.00474
 5.56364  0.00341
 5.61818  0.00233
 5.67273  0.00150
 5.72727  0.00089
 5.78182  0.00046
 5.83636  0.00020
 5.89091  0.00006
 5.94545  0.00001
 6.00000  0.00000
