 0.80000 -504.09766
 0.85253 -301.77220
 0.90505 -180.29524
 0.95758 -94.92174
 1.01010 -33.21278
 1.06263  7.89967
 1.11515 31.10626
 1.16768 40.56322
 1.22020 41.11635
 1.27273 37.16175
 1.32525 31.94772
 1.37778 27.40560
 1.43030 24.33842
 1.48283 22.76550
 1.53535 22.27570
 1.58788 22.31064
 1.64040 22.35196
 1.69293 22.01951
 1.74545 21.10151
 1.79798 19.54113
 1.85051 17.40062
 1.90303 14.81845
 1.95556 11.96936
 2.00808  9.03250
 2.06061  6.16902
 2.11313  3.50908
 2.16566  1.14632
 2.21818 -0.86202
 2.27071 -2.49127
 2.32323 -3.74352
 2.37576 -4.64106
 2.42828 -5.21998
 2.48081 -5.52445
 2.53333 -5.60204
 2.58586 -5.50003
 2.63838 -5.26287
 2.69091 -4.93042
 2.74343 -4.53711
 2.79596 -4.11150
 2.84848 -3.67648
 2.90101 -3.24960
 2.95354 -2.84364
 3.00606 -2.46733
 3.05859 -2.12600
 3.11111 -1.82225
 3.16364 -1.55657
 3.21616 -1.32788
 3.26869 -1.13401
 3.32121 -0.97207
 3.37374 -0.83874
 3.42626 -0.73055
 3.47879 -0.64402
 3.53131 -0.57584
 3.58384 -0.52290
 3.63636 -0.48239
 3.68889 -0.45180
 3.74141 -0.42895
 3.79394 -0.41195
 3.84646 -0.39923
 3.89899 -0.38947
 3.95152 -0.38163
 4.00404 -0.37485
 4.05657 -0.36847
 4.10909 -0.36201
 4.16162 -0.35511
 4.21414 -0.34753
 4.26667 -0.33911
 4.31919 -0.32979
 4.37172 -0.31954
 4.42424 -0.30839
 4.47677 -0.29641
 4.52929 -0.28368
 4.58182 -0.27030
 4.63434 -0.25639
 4.68687 -0.24206
 4.73939 -0.22743
 4.79192 -0.21262
 4.84444 -0.19774
 4.89697 -0.18290
 4.94949 -0.16820
 5.00202 -0.15373
 5.05455 -0.13958
 5.10707 -0.12582
 5.15960 -0.11254
 5.21212 -0.09979
 5.26465 -0.08764
 5.31717 -0.07612
 5.36970 -0.06530
 5.42222 -0.05521
 5.47475 -0.04589
 5.52727 -0.03736
 5.57980 -0.02966
 5.63232 -0.02280
 5.68485 -0.01682
 5.73737 -0.01172
 5.78990 -0.00753
 5.84242 -0.00425
 5.89495 -0.00189
 5.94747 -0.00047
 6.00000 -0.00000
