 1.00000 -256.27086
 1.05051 -95.73421
 1.10101 -42.16653
 1.15152 -29.43359
 1.20202 -27.59460
 1.25253 -25.52437
 1.30303 -20.80672
 1.35354 -14.31605
 1.40404 -7.61316
 1.45455 -1.90524
 1.50505  2.20610
 1.55556  4.63728
 1.60606  5.63322
 1.65657  5.58688
 1.70707  4.90806
 1.75758  3.94640
 1.80808  2.95833
 1.85859  2.10397
 1.90909  1.46092
 1.95960  1.04522
 2.01010  0.83301
 2.06061  0.77932
 2.11111  0.83239
 2.16162  0.94335
 2.21212  1.07181
 2.26263  1.18825
 2.31313  1.27409
 2.36364  1.32047
 2.41414  1.32615
 2.46465  1.29533
 2.51515  1.23553
 2.56566  1.15579
 2.61616  1.06526
 2.66667  0.97226
 2.71717  0.88363
 2.76768  0.80448
 2.81818  0.73813
 2.86869  0.68621
 2.91919  0.64897
 2.96970  0.62549
 3.02020  0.61404
 3.07071  0.61239
 3.12121  0.61800
 3.17172  0.62832
 3.22222  0.64093
 3.27273  0.65364
 3.32323  0.66461
 3.37374  0.67238
 3.42424  0.67586
 3.47475  0.67436
 3.52525  0.66751
 3.57576  0.65526
 3.62626  0.63781
 3.67677  0.61556
 3.72727  0.58906
 3.77778  0.55897
 3.82828  0.52600
 3.87879  0.49090
 3.92929  0.45439
 3.97980  0.41718
 4.03030  0.37990
 4.08081  0.34314
 4.13131  0.30740
 4.18182  0.27310
 4.23232  0.24058
 4.28283  0.21011
 4.33333  0.18186
 4.38384  0.15597
 4.43434  0.13248
 4.48485  0.11140
 4.53535  0.09268
 4.58586  0.07624
 4.63636  0.06196
 4.68687  0.04971
 4.73737  0.03932
 4.78788  0.03064
 4.83838  0.02349
 4.88889  0.01769
 4.93939  0.01307
 4.98990  0.00948
 5.04040  0.00674
 5.09091  0.00472
 5.14141  0.00328
 5.19192  0.00230
 5.24242  0.00168
 5.29293  0.00132
 5.34343  0.00113
 5.39394  0.00106
 5.44444  0.00105
 5.49495  0.00106
 5.54545  0.00106
 5.59596  0.00103
 5.64646  0.00096
 5.69697  0.00084
 5.74747  0.00069
 5.79798  0.00051
 5.84848  0.00033
 5.89899  0.00017
 5.94949  0.00005
 6.00000  0.00000
