 0.60000 5852.67214
 0.65455 399.83697
 0.70909 -1115.27807
 0.76364 -1029.24292
 0.81818 -463.51623
 0.87273 99.34147
 0.92727 494.64501
 0.98182 702.58983
 1.03636 759.23220
 1.09091 713.76445
 1.14545 610.34764
 1.20000 482.26597
 1.25455 351.73454
 1.30909 231.88557
 1.36364 129.24089
 1.41818 45.93812
 1.47273 -18.53222
 1.52727 -66.09096
 1.58182 -99.25611
 1.63636 -120.64703
 1.69091 -132.71099
 1.74545 -137.59537
 1.80000 -137.10846
 1.85455 -132.72982
 1.90909 -125.64474
 1.96364 -116.78738
 2.01818 -106.88389
 2.07273 -96.49144
 2.12727 -86.03133
 2.18182 -75.81627
 2.23636 -66.07233
 2.29091 -56.95649
 2.34545 -48.57063
 2.40000 -40.97279
 2.45455 -34.18631
 2.50909 -28.20742
 2.56364 -23.01148
 2.61818 -18.55828
 2.67273 -14.79650
 2.72727 -11.66742
 2.78182 -9.10811
 2.83636 -7.05393
 2.89091 -5.44070
 2.94545 -4.20627
 3.00000 -3.29182
 3.05455 -2.64273
 3.10909 -2.20918
 3.16364 -1.94650
 3.21818 -1.81532
 3.27273 -1.78148
 3.32727 -1.81587
 3.38182 -1.89416
 3.43636 -1.99642
 3.49091 -2.10675
 3.54545 -2.21282
 3.60000 -2.30545
 3.65455 -2.37819
 3.70909 -2.42689
 3.76364 -2.44933
 3.81818 -2.44487
 3.87273 -2.41408
 3.92727 -2.35852
 3.98182 -2.28044
 4.03636 -2.18257
 4.09091 -2.06796
 4.14545 -1.93979
 4.20000 -1.80127
 4.25455 -1.65553
 4.30909 -1.50555
 4.36364 -1.35408
 4.41818 -1.20362
 4.47273 -1.05639
 4.52727 -0.91433
 4.58182 -0.77904
 4.63636 -0.65186
 4.69091 -0.53383
 4.74545 -0.42570
 4.80000 -0.32800
 4.85455 -0.24099
 4.90909 -0.16475
 4.96364 -0.09915
 5.01818 -0.04391
 5.07273  0.00142
 5.12727  0.03738
 5.18182  0.06462
 5.23636  0.08389
 5.29091  0.09599
 5.34545  0.10176
 5.40000  0.10208
 5.45455  0.09787
 5.50909  0.09003
 5.56364  0.07947
 5.61818  0.06709
 5.67273  0.05378
 5.72727  0.04038
 5.78182  0.02774
 5.83636  0.01664
 5.89091  0.00784
 5.94545  0.00207
 6.00000  0.00000
