 0.75000 6159.02984
 0.80303 1242.64516
 0.85606 -125.85868
 0.90909 -320.46281
 0.96212 -227.49962
 1.01515 -124.25162
 1.06818 -65.75206
 1.12121 -42.11405
 1.17424 -34.68446
 1.22727 -31.19927
 1.28030 -26.57576
 1.33333 -20.13570
 1.38636 -12.99622
 1.43939 -6.49191
 1.49242 -1.49888
 1.54545  1.68722
 1.59848  3.21726
 1.65152  3.48710
 1.70455  2.96262
 1.75758  2.06392
 1.81061  1.10776
 1.86364  0.29389
 1.91667 -0.28172
 1.96970 -0.60125
 2.02273 -0.69688
 2.07576 -0.62610
 2.12879 -0.45292
 2.18182 -0.23560
 2.23485 -0.01998
 2.28788  0.16282
 2.34091  0.29576
 2.39394  0.37354
 2.44697  0.39959
 2.50000  0.38286
 2.55303  0.33516
 2.60606  0.26888
 2.65909  0.19547
 2.71212  0.12448
 2.76515  0.06303
 2.81818  0.01576
 2.87121 -0.01499
 2.92424 -0.02886
 2.97727 -0.02702
 3.03030 -0.01172
 3.08333  0.01411
 3.13636  0.04726
 3.18939  0.08450
 3.24242  0.12286
 3.29545  0.15971
 3.34848  0.19292
 3.40152  0.22085
 3.45455  0.24241
 3.50758  0.25695
 3.56061  0.26426
 3.61364  0.26451
 3.66667  0.25812
 3.71970  0.24578
 3.77273  0.22830
 3.82576  0.20659
 3.87879  0.18159
 3.93182  0.15425
 3.98485  0.12548
 4.03788  0.09612
 4.09091  0.06692
 4.14394  0.03854
 4.19697  0.01153
 4.25000 -0.01365
 4.30303 -0.03665
 4.35606 -0.05723
 4.40909 -0.07521
 4.46212 -0.09050
 4.51515 -0.10311
 4.56818 -0.11305
 4.62121 -0.12044
 4.67424 -0.12540
 4.72727 -0.12811
 4.78030 -0.12874
 4.83333 -0.12751
 4.88636 -0.12462
 4.93939 -0.12031
 4.99242 -0.11479
 5.04545 -0.10827
 5.09848 -0.10097
 5.15152 -0.09307
 5.20455 -0.08478
 5.25758 -0.07625
 5.31061 -0.06767
 5.36364 -0.05916
 5.41667 -0.05087
 5.46970 -0.04292
 5.52273 -0.03541
 5.57576 -0.02845
 5.62879 -0.02210
 5.68182 -0.01645
 5.73485 -0.01156
 5.78788 -0.00747
 5.84091 -0.00424
 5.89394 -0.00190
 5.94697 -0.00048
 6.00000  0.00000
