 0.75000 8027.64833
 0.80303 -1470.14591
 0.85606 -946.16556
 0.90909 503.39519
 0.96212 946.89830
 1.01515 608.55899
 1.06818 36.29611
 1.12121 -414.50249
 1.17424 -621.09139
 1.22727 -606.74661
 1.28030 -453.52812
 1.33333 -246.82345
 1.38636 -49.98946
 1.43939 101.30623
 1.49242 194.77836
 1.54545 233.85267
 1.59848 230.25021
 1.65152 198.34708
 1.70455 151.59861
 1.75758 100.72379
 1.81061 53.14864
 1.86364 13.21920
 1.91667 -17.20331
 1.96970 -38.03218
 2.02273 -50.28890
 2.07576 -55.55929
 2.12879 -55.59587
 2.18182 -52.05824
 2.23485 -46.36747
 2.28788 -39.64543
 2.34091 -32.71168
 2.39394 -26.11466
 2.44697 -20.17975
 2.50000 -15.06200
 2.55303 -10.79584
 2.60606 -7.33765
 2.65909 -4.59955
 2.71212 -2.47431
 2.76515 -0.85245
 2.81818  0.36725
 2.87121  1.27213
 2.92424  1.93370
 2.97727  2.40801
 3.03030  2.73741
 3.08333  2.95297
 3.13636  3.07709
 3.18939  3.12588
 3.24242  3.11126
 3.29545  3.04254
 3.34848  2.92764
 3.40152  2.77388
 3.45455  2.58844
 3.50758  2.37856
 3.56061  2.15153
 3.61364  1.91463
 3.66667  1.67489
 3.71970  1.43892
 3.77273  1.21275
 3.82576  1.00158
 3.87879  0.80973
 3.93182  0.64052
 3.98485  0.49627
 4.03788  0.37829
 4.09091  0.28695
 4.14394  0.22173
 4.19697  0.18138
 4.25000  0.16399
 4.30303  0.16714
 4.35606  0.18804
 4.40909  0.22363
 4.46212  0.27072
 4.51515  0.32608
 4.56818  0.38658
 4.62121  0.44920
 4.67424  0.51119
 4.72727  0.57002
 4.78030  0.62351
 4.83333  0.66982
 4.88636  0.70746
 4.93939  0.73530
 4.99242  0.75259
 5.04545  0.75891
 5.09848  0.75419
 5.15152  0.73867
 5.20455  0.71286
 5.25758  0.67756
 5.31061  0.63379
 5.36364  0.58275
 5.41667  0.52584
 5.46970  0.46459
 5.52273  0.40064
 5.57576  0.33573
 5.62879  0.27165
 5.68182  0.21022
 5.73485  0.15330
 5.78788  0.10273
 5.84091  0.06034
 5.89394  0.02794
 5.94697  0.00726
 6.00000  0.00000
