 0.75000 -139.35548
 0.80303 32.38089
 0.85606 53.30039
 0.90909 38.97247
 0.96212 24.06762
 1.01515 14.90886
 1.06818 10.06633
 1.12121  7.31620
 1.17424  5.31777
 1.22727  3.57223
 1.28030  2.03144
 1.33333  0.78669
 1.38636 -0.09173
 1.43939 -0.60324
 1.49242 -0.80734
 1.54545 -0.79442
 1.59848 -0.65781
 1.65152 -0.47550
 1.70455 -0.30197
 1.75758 -0.16783
 1.81061 -0.08402
 1.86364 -0.04777
 1.91667 -0.04859
 1.96970 -0.07309
 2.02273 -0.10839
 2.07576 -0.14406
 2.12879 -0.17298
 2.18182 -0.19132
 2.23485 -0.19801
 2.28788 -0.19403
 2.34091 -0.18163
 2.39394 -0.16364
 2.44697 -0.14293
 2.50000 -0.12202
 2.55303 -0.10287
 2.60606 -0.08680
 2.65909 -0.07448
 2.71212 -0.06602
 2.76515 -0.06110
 2.81818 -0.05908
 2.87121 -0.05914
 2.92424 -0.06037
 2.97727 -0.06192
 3.03030 -0.06300
 3.08333 -0.06298
 3.13636 -0.06138
 3.18939 -0.05789
 3.24242 -0.05239
 3.29545 -0.04489
 3.34848 -0.03552
 3.40152 -0.02452
 3.45455 -0.01221
 3.50758  0.00106
 3.56061  0.01492
 3.61364  0.02897
 3.66667  0.04285
 3.71970  0.05624
 3.77273  0.06883
 3.82576  0.08038
 3.87879  0.09068
 3.93182  0.09960
 3.98485  0.10702
 4.03788  0.11289
 4.09091  0.11721
 4.14394  0.12000
 4.19697  0.12133
 4.25000  0.12126
 4.30303  0.11992
 4.35606  0.11741
 4.40909  0.11389
 4.46212  0.10949
 4.51515  0.10434
 4.56818  0.09860
 4.62121  0.09239
 4.67424  0.08586
 4.72727  0.07913
 4.78030  0.07231
 4.83333  0.06551
 4.88636  0.05882
 4.93939  0.05232
 4.99242  0.04608
 5.04545  0.04016
 5.09848  0.03461
 5.15152  0.02946
 5.20455  0.02474
 5.25758  0.02047
 5.31061  0.01666
 5.36364  0.01330
 5.41667  0.01038
 5.46970  0.00789
 5.52273  0.00582
 5.57576  0.00413
 5.62879  0.00279
 5.68182  0.00177
 5.73485  0.00103
 5.78788  0.00053
 5.84091  0.00023
 5.89394  0.00007
 5.94697  0.00001
 6.00000  0.00000
