 0.80000 24.58876
 0.85253  3.95822
 0.90505 -8.48572
 0.95758 -15.59662
 1.01010 -18.86712
 1.06263 -19.44650
 1.11515 -18.35177
 1.16768 -16.41991
 1.22020 -14.24618
 1.27273 -12.17884
 1.32525 -10.36358
 1.37778 -8.81028
 1.43030 -7.45832
 1.48283 -6.22711
 1.53535 -5.04775
 1.58788 -3.87788
 1.64040 -2.70398
 1.69293 -1.53644
 1.74545 -0.40117
 1.79798  0.66897
 1.85051  1.64144
 1.90303  2.48916
 1.95556  3.19345
 2.00808  3.74502
 2.06061  4.14362
 2.11313  4.39667
 2.16566  4.51748
 2.21818  4.52331
 2.27071  4.43357
 2.32323  4.26822
 2.37576  4.04653
 2.42828  3.78625
 2.48081  3.50298
 2.53333  3.20988
 2.58586  2.91762
 2.63838  2.63446
 2.69091  2.36642
 2.74343  2.11758
 2.79596  1.89036
 2.84848  1.68583
 2.90101  1.50400
 2.95354  1.34409
 3.00606  1.20475
 3.05859  1.08428
 3.11111  0.98075
 3.16364  0.89218
 3.21616  0.81659
 3.26869  0.75208
 3.32121  0.69690
 3.37374  0.64946
 3.42626  0.60835
 3.47879  0.57234
 3.53131  0.54037
 3.58384  0.51158
 3.63636  0.48522
 3.68889  0.46073
 3.74141  0.43763
 3.79394  0.41557
 3.84646  0.39428
 3.89899  0.37357
 3.95152  0.35333
 4.00404  0.33347
 4.05657  0.31395
 4.10909  0.29476
 4.16162  0.27592
 4.21414  0.25747
 4.26667  0.23943
 4.31919  0.22186
 4.37172  0.20480
 4.42424  0.18831
 4.47677  0.17242
 4.52929  0.15718
 4.58182  0.14263
 4.63434  0.12880
 4.68687  0.11570
 4.73939  0.10337
 4.79192  0.09182
 4.84444  0.08104
 4.89697  0.07104
 4.94949  0.06182
 5.00202  0.05337
 5.05455  0.04567
 5.10707  0.03870
 5.15960  0.03244
 5.21212  0.02687
 5.26465  0.02195
 5.31717  0.01765
 5.36970  0.01394
 5.42222  0.01078
 5.47475  0.00813
 5.52727  0.00594
 5.57980  0.00419
 5.63232  0.00281
 5.68485  0.00178
 5.73737  0.00103
 5.78990  0.00053
 5.84242  0.00022
 5.89495  0.00007
 5.94747  0.00001
 6.00000 -0.00000
