 0.75000 -1055.90316
 0.80303 -493.00525
 0.85606 -275.07750
 0.90909 -158.35038
 0.96212 -76.38725
 1.01515 -16.96018
 1.06818 21.50488
 1.12121 41.72566
 1.17424 48.51627
 1.22727 47.20106
 1.28030 42.25068
 1.33333 36.69539
 1.38636 32.14621
 1.43939 29.12590
 1.49242 27.47864
 1.54545 26.72816
 1.59848 26.33334
 1.65152 25.83879
 1.70455 24.94072
 1.75758 23.49522
 1.81061 21.49340
 1.86364 19.02256
 1.91667 16.22587
 1.96970 13.26758
 2.02273 10.30698
 2.07576  7.48133
 2.12879  4.89688
 2.18182  2.62613
 2.23485  0.70941
 2.28788 -0.84078
 2.34091 -2.03415
 2.39394 -2.89668
 2.44697 -3.46505
 2.50000 -3.78177
 2.55303 -3.89130
 2.60606 -3.83708
 2.65909 -3.65947
 2.71212 -3.39445
 2.76515 -3.07294
 2.81818 -2.72061
 2.87121 -2.35807
 2.92424 -2.00119
 2.97727 -1.66167
 3.03030 -1.34763
 3.08333 -1.06417
 3.13636 -0.81400
 3.18939 -0.59794
 3.24242 -0.41536
 3.29545 -0.26464
 3.34848 -0.14344
 3.40152 -0.04898
 3.45455  0.02170
 3.50758  0.07164
 3.56061  0.10383
 3.61364  0.12110
 3.66667  0.12608
 3.71970  0.12117
 3.77273  0.10854
 3.82576  0.09008
 3.87879  0.06746
 3.93182  0.04209
 3.98485  0.01521
 4.03788 -0.01220
 4.09091 -0.03928
 4.14394 -0.06537
 4.19697 -0.08994
 4.25000 -0.11256
 4.30303 -0.13295
 4.35606 -0.15089
 4.40909 -0.16624
 4.46212 -0.17896
 4.51515 -0.18902
 4.56818 -0.19646
 4.62121 -0.20138
 4.67424 -0.20387
 4.72727 -0.20407
 4.78030 -0.20214
 4.83333 -0.19826
 4.88636 -0.19260
 4.93939 -0.18536
 4.99242 -0.17674
 5.04545 -0.16694
 5.09848 -0.15617
 5.15152 -0.14462
 5.20455 -0.13249
 5.25758 -0.11999
 5.31061 -0.10730
 5.36364 -0.09460
 5.41667 -0.08209
 5.46970 -0.06992
 5.52273 -0.05827
 5.57576 -0.04728
 5.62879 -0.03713
 5.68182 -0.02793
 5.73485 -0.01984
 5.78788 -0.01297
 5.84091 -0.00744
 5.89394 -0.00337
 5.94697 -0.00086
 6.00000  0.00000
