 2.00000 13.08534
 2.04040 11.71377
 2.08081 10.01416
 2.12121  8.11332
 2.16162  6.14896
 2.20202  4.23773
 2.24242  2.46401
 2.28283  0.87976
 2.32323 -0.49044
 2.36364 -1.64262
 2.40404 -2.58675
 2.44444 -3.34112
 2.48485 -3.92798
 2.52525 -4.37048
 2.56566 -4.69073
 2.60606 -4.90870
 2.64646 -5.04174
 2.68687 -5.10457
 2.72727 -5.10946
 2.76768 -5.06660
 2.80808 -4.98442
 2.84848 -4.87003
 2.88889 -4.72945
 2.92929 -4.56791
 2.96970 -4.39003
 3.01010 -4.19991
 3.05051 -4.00125
 3.09091 -3.79740
 3.13131 -3.59136
 3.17172 -3.38577
 3.21212 -3.18296
 3.25253 -2.98492
 3.29293 -2.79329
 3.33333 -2.60942
 3.37374 -2.43431
 3.41414 -2.26870
 3.45455 -2.11307
 3.49495 -1.96766
 3.53535 -1.83250
 3.57576 -1.70748
 3.61616 -1.59234
 3.65657 -1.48673
 3.69697 -1.39020
 3.73737 -1.30227
 3.77778 -1.22241
 3.81818 -1.15010
 3.85859 -1.08477
 3.89899 -1.02589
 3.93939 -0.97293
 3.97980 -0.92536
 4.02020 -0.88267
 4.06061 -0.84436
 4.10101 -0.80996
 4.14141 -0.77898
 4.18182 -0.75097
 4.22222 -0.72549
 4.26263 -0.70208
 4.30303 -0.68034
 4.34343 -0.65984
 4.38384 -0.64021
 4.42424 -0.62108
 4.46465 -0.60211
 4.50505 -0.58300
 4.54545 -0.56346
 4.58586 -0.54328
 4.62626 -0.52226
 4.66667 -0.50028
 4.70707 -0.47724
 4.74747 -0.45311
 4.78788 -0.42792
 4.82828 -0.40172
 4.86869 -0.37465
 4.90909 -0.34686
 4.94949 -0.31858
 4.98990 -0.29002
 5.03030 -0.26148
 5.07071 -0.23323
 5.11111 -0.20558
 5.15152 -0.17882
 5.19192 -0.15326
 5.23232 -0.12916
 5.27273 -0.10677
 5.31313 -0.08631
 5.35354 -0.06794
 5.39394 -0.05179
 5.43434 -0.03791
 5.47475 -0.02631
 5.51515 -0.01694
 5.55556 -0.00968
 5.59596 -0.00435
 5.63636 -0.00075
 5.67677  0.00139
 5.71717  0.00238
 5.75758  0.00251
 5.79798  0.00210
 5.83838  0.00144
 5.87879  0.00078
 5.91919  0.00029
 5.95960  0.00004
 6.00000  0.00000
