 0.60000  3.57921
 0.65455 42.34404
 0.70909 35.76158
 0.76364 15.67592
 0.81818 -3.99989
 0.87273 -18.44335
 0.92727 -27.05195
 0.98182 -30.88157
 1.03636 -31.39046
 1.09091 -29.89336
 1.14545 -27.38138
 1.20000 -24.51414
 1.25455 -21.68027
 1.30909 -19.07417
 1.36364 -16.76530
 1.41818 -14.75194
 1.47273 -12.99868
 1.52727 -11.45996
 1.58182 -10.09321
 1.63636 -8.86478
 1.69091 -7.75138
 1.74545 -6.73898
 1.80000 -5.82055
 1.85455 -4.99362
 1.90909 -4.25795
 1.96364 -3.61382
 2.01818 -3.06072
 2.07273 -2.59664
 2.12727 -2.21776
 2.18182 -1.91846
 2.23636 -1.69153
 2.29091 -1.52857
 2.34545 -1.42038
 2.40000 -1.35744
 2.45455 -1.33026
 2.50909 -1.32975
 2.56364 -1.34750
 2.61818 -1.37593
 2.67273 -1.40851
 2.72727 -1.43974
 2.78182 -1.46521
 2.83636 -1.48156
 2.89091 -1.48642
 2.94545 -1.47829
 3.00000 -1.45649
 3.05455 -1.42100
 3.10909 -1.37236
 3.16364 -1.31156
 3.21818 -1.23993
 3.27273 -1.15902
 3.32727 -1.07056
 3.38182 -0.97633
 3.43636 -0.87813
 3.49091 -0.77771
 3.54545 -0.67672
 3.60000 -0.57669
 3.65455 -0.47900
 3.70909 -0.38488
 3.76364 -0.29536
 3.81818 -0.21130
 3.87273 -0.13339
 3.92727 -0.06215
 3.98182  0.00207
 4.03636  0.05906
 4.09091  0.10877
 4.14545  0.15123
 4.20000  0.18663
 4.25455  0.21521
 4.30909  0.23732
 4.36364  0.25336
 4.41818  0.26377
 4.47273  0.26906
 4.52727  0.26972
 4.58182  0.26631
 4.63636  0.25935
 4.69091  0.24937
 4.74545  0.23691
 4.80000  0.22246
 4.85455  0.20652
 4.90909  0.18952
 4.96364  0.17191
 5.01818  0.15405
 5.07273  0.13631
 5.12727  0.11900
 5.18182  0.10238
 5.23636  0.08668
 5.29091  0.07211
 5.34545  0.05879
 5.40000  0.04685
 5.45455  0.03634
 5.50909  0.02731
 5.56364  0.01974
 5.61818  0.01359
 5.67273  0.00878
 5.72727  0.00520
 5.78182  0.00273
 5.83636  0.00118
 5.89091  0.00036
 5.94545  0.00005
 6.00000  0.00000
