 2.00000 -29.20169
 2.04040 -38.44214
 2.08081 -45.13910
 2.12121 -48.37216
 2.16162 -48.37840
 2.20202 -45.87959
 2.24242 -41.70738
 2.28283 -36.61445
 2.32323 -31.19689
 2.36364 -25.87940
 2.40404 -20.93232
 2.44444 -16.50201
 2.48485 -12.64376
 2.52525 -9.35172
 2.56566 -6.58332
 2.60606 -4.27769
 2.64646 -2.36849
 2.68687 -0.79207
 2.72727  0.50803
 2.76768  1.57915
 2.80808  2.45935
 2.84848  3.17832
 2.88889  3.75883
 2.92929  4.21827
 2.96970  4.57019
 3.01010  4.82561
 3.05051  4.99401
 3.09091  5.08410
 3.13131  5.10426
 3.17172  5.06279
 3.21212  4.96803
 3.25253  4.82826
 3.29293  4.65164
 3.33333  4.44602
 3.37374  4.21879
 3.41414  3.97676
 3.45455  3.72603
 3.49495  3.47190
 3.53535  3.21888
 3.57576  2.97066
 3.61616  2.73017
 3.65657  2.49962
 3.69697  2.28059
 3.73737  2.07413
 3.77778  1.88088
 3.81818  1.70109
 3.85859  1.53480
 3.89899  1.38185
 3.93939  1.24199
 3.97980  1.11492
 4.02020  1.00031
 4.06061  0.89782
 4.10101  0.80716
 4.14141  0.72803
 4.18182  0.66016
 4.22222  0.60326
 4.26263  0.55701
 4.30303  0.52104
 4.34343  0.49494
 4.38384  0.47819
 4.42424  0.47016
 4.46465  0.47015
 4.50505  0.47729
 4.54545  0.49065
 4.58586  0.50916
 4.62626  0.53165
 4.66667  0.55691
 4.70707  0.58365
 4.74747  0.61057
 4.78788  0.63637
 4.82828  0.65978
 4.86869  0.67963
 4.90909  0.69484
 4.94949  0.70447
 4.98990  0.70772
 5.03030  0.70403
 5.07071  0.69301
 5.11111  0.67452
 5.15152  0.64864
 5.19192  0.61569
 5.23232  0.57623
 5.27273  0.53104
 5.31313  0.48111
 5.35354  0.42760
 5.39394  0.37182
 5.43434  0.31518
 5.47475  0.25917
 5.51515  0.20526
 5.55556  0.15490
 5.59596  0.10942
 5.63636  0.06997
 5.67677  0.03747
 5.71717  0.01252
 5.75758 -0.00467
 5.79798 -0.01434
 5.83838 -0.01728
 5.87879 -0.01487
 5.91919 -0.00917
 5.95960 -0.00301
 6.00000  0.00000
