 1.00000 15.33321
 1.05051  7.10529
 1.10101  3.89726
 1.15152  2.17821
 1.20202  0.75085
 1.25253 -0.60065
 1.30303 -1.78114
 1.35354 -2.67221
 1.40404 -3.22388
 1.45455 -3.45832
 1.50505 -3.44350
 1.55556 -3.26395
 1.60606 -2.99933
 1.65657 -2.71249
 1.70707 -2.44561
 1.75758 -2.22144
 1.80808 -2.04737
 1.85859 -1.92032
 1.90909 -1.83126
 1.95960 -1.76890
 2.01010 -1.72224
 2.06061 -1.68209
 2.11111 -1.64173
 2.16162 -1.59704
 2.21212 -1.54615
 2.26263 -1.48898
 2.31313 -1.42665
 2.36364 -1.36095
 2.41414 -1.29396
 2.46465 -1.22762
 2.51515 -1.16360
 2.56566 -1.10315
 2.61616 -1.04704
 2.66667 -0.99559
 2.71717 -0.94876
 2.76768 -0.90617
 2.81818 -0.86728
 2.86869 -0.83137
 2.91919 -0.79772
 2.96970 -0.76559
 3.02020 -0.73433
 3.07071 -0.70340
 3.12121 -0.67235
 3.17172 -0.64090
 3.22222 -0.60885
 3.27273 -0.57615
 3.32323 -0.54285
 3.37374 -0.50908
 3.42424 -0.47501
 3.47475 -0.44089
 3.52525 -0.40698
 3.57576 -0.37356
 3.62626 -0.34088
 3.67677 -0.30921
 3.72727 -0.27878
 3.77778 -0.24977
 3.82828 -0.22236
 3.87879 -0.19668
 3.92929 -0.17280
 3.97980 -0.15079
 4.03030 -0.13066
 4.08081 -0.11241
 4.13131 -0.09599
 4.18182 -0.08133
 4.23232 -0.06837
 4.28283 -0.05700
 4.33333 -0.04711
 4.38384 -0.03859
 4.43434 -0.03131
 4.48485 -0.02517
 4.53535 -0.02002
 4.58586 -0.01577
 4.63636 -0.01229
 4.68687 -0.00947
 4.73737 -0.00723
 4.78788 -0.00547
 4.83838 -0.00411
 4.88889 -0.00308
 4.93939 -0.00231
 4.98990 -0.00174
 5.04040 -0.00133
 5.09091 -0.00105
 5.14141 -0.00085
 5.19192 -0.00071
 5.24242 -0.00061
 5.29293 -0.00053
 5.34343 -0.00047
 5.39394 -0.00042
 5.44444 -0.00036
 5.49495 -0.00031
 5.54545 -0.00026
 5.59596 -0.00020
 5.64646 -0.00015
 5.69697 -0.00011
 5.74747 -0.00007
 5.79798 -0.00004
 5.84848 -0.00002
 5.89899 -0.00001
 5.94949 -0.00000
 6.00000  0.00000
