 6.100000e+00 -3.971229e-12
 6.000000e+00 -1.489023e-01
 5.900000e+00 -1.519151e-01
 5.800000e+00 -1.044845e-01
 5.700000e+00 -5.785965e-02
 5.600000e+00 -3.043668e-02
 5.500000e+00 -6.272682e-02
 5.400000e+00 -1.265335e-01
 5.300000e+00 -6.368857e-02
 5.200000e+00 -6.015795e-02
 5.100000e+00 -9.178504e-02
 5.000000e+00  3.135129e-02
 4.900000e+00  5.695381e-02
 4.800000e+00  2.255731e-01
 4.700000e+00  3.353913e-01
 4.600000e+00  5.023137e-01
 4.500000e+00  5.706526e-01
 4.400000e+00  6.724663e-01
 4.300000e+00  9.287676e-01
 4.200000e+00  1.229703e+00
 4.100000e+00  1.688695e+00
 4.000000e+00  1.996228e+00
 3.900000e+00  2.216569e+00
 3.800000e+00  2.519166e+00
 3.700000e+00  2.822487e+00
 3.600000e+00  3.215872e+00
 3.500000e+00  3.537484e+00
 3.400000e+00  3.925402e+00
 3.300000e+00  4.259912e+00
 3.200000e+00  4.726378e+00
 3.100000e+00  5.198352e+00
 3.000000e+00  5.886020e+00
 2.900000e+00  6.694652e+00
 2.800000e+00  7.691372e+00
 2.700000e+00  9.253327e+00
 2.600000e+00  1.125353e+01
 2.500000e+00  1.417952e+01
 2.400000e+00  1.816622e+01
 2.300000e+00  2.333893e+01
 2.200000e+00  3.115259e+01
 2.100000e+00  3.709272e+01
 2.000000e+00  4.675403e+01
 1.900000e+00  4.675403e+01
 1.800000e+00  4.675403e+01
 1.700000e+00  4.675403e+01
 1.600000e+00  4.675403e+01
 1.500000e+00  4.675403e+01
 1.400000e+00  4.675403e+01
 1.300000e+00  4.675403e+01
 1.200000e+00  4.675403e+01
 1.100000e+00  4.675403e+01
 1.000000e+00  4.675403e+01
 9.000000e-01  4.675403e+01
 8.000000e-01  4.675403e+01
 7.000000e-01  4.675403e+01
 6.000000e-01  4.675403e+01
