 6.050000e+00  0.000000e+00
 6.000000e+00  1.231065e-02
 5.950000e+00  6.880819e-03
 5.900000e+00  1.527759e-02
 5.850000e+00  1.262884e-02
 5.800000e+00  7.729869e-03
 5.750000e+00  2.610626e-02
 5.700000e+00  3.584769e-02
 5.650000e+00  4.955614e-02
 5.600000e+00  7.113717e-02
 5.550000e+00  7.704453e-02
 5.500000e+00  7.553470e-02
 5.450000e+00  9.074579e-02
 5.400000e+00  1.088106e-01
 5.350000e+00  1.224321e-01
 5.300000e+00  1.406165e-01
 5.250000e+00  1.653461e-01
 5.200000e+00  1.760208e-01
 5.150000e+00  2.064896e-01
 5.100000e+00  2.156168e-01
 5.050000e+00  2.297557e-01
 5.000000e+00  2.633098e-01
 4.950000e+00  2.922787e-01
 4.900000e+00  3.289435e-01
 4.850000e+00  3.827955e-01
 4.800000e+00  4.005657e-01
 4.750000e+00  4.434565e-01
 4.700000e+00  4.949034e-01
 4.650000e+00  5.143343e-01
 4.600000e+00  5.766309e-01
 4.550000e+00  6.096896e-01
 4.500000e+00  6.412166e-01
 4.450000e+00  6.768419e-01
 4.400000e+00  7.227033e-01
 4.350000e+00  7.708656e-01
 4.300000e+00  8.122395e-01
 4.250000e+00  8.629421e-01
 4.200000e+00  9.126505e-01
 4.150000e+00  9.788644e-01
 4.100000e+00  1.034230e+00
 4.050000e+00  1.069930e+00
 4.000000e+00  1.163552e+00
 3.950000e+00  1.208907e+00
 3.900000e+00  1.270101e+00
 3.850000e+00  1.308886e+00
 3.800000e+00  1.389205e+00
 3.750000e+00  1.441030e+00
 3.700000e+00  1.520957e+00
 3.650000e+00  1.586827e+00
 3.600000e+00  1.681659e+00
 3.550000e+00  1.746641e+00
 3.500000e+00  1.822427e+00
 3.450000e+00  1.880559e+00
 3.400000e+00  1.988176e+00
 3.350000e+00  2.096032e+00
 3.300000e+00  2.235185e+00
 3.250000e+00  2.358161e+00
 3.200000e+00  2.442315e+00
 3.150000e+00  2.549385e+00
 3.100000e+00  2.707852e+00
 3.050000e+00  2.826383e+00
 3.000000e+00  2.972859e+00
 2.950000e+00  3.139173e+00
 2.900000e+00  3.276647e+00
 2.850000e+00  3.450882e+00
 2.800000e+00  3.623302e+00
 2.750000e+00  3.815385e+00
 2.700000e+00  4.016474e+00
 2.650000e+00  4.172105e+00
 2.600000e+00  4.379605e+00
 2.550000e+00  4.565952e+00
 2.500000e+00  4.780740e+00
 2.450000e+00  5.042918e+00
 2.400000e+00  5.319410e+00
 2.350000e+00  5.507010e+00
 2.300000e+00  5.773720e+00
 2.250000e+00  6.028839e+00
 2.200000e+00  6.329481e+00
 2.150000e+00  6.660665e+00
 2.100000e+00  7.036885e+00
 2.050000e+00  7.415235e+00
 2.000000e+00  7.823898e+00
 1.950000e+00  8.203498e+00
 1.900000e+00  8.672761e+00
 1.850000e+00  9.138894e+00
 1.800000e+00  9.515431e+00
 1.750000e+00  9.917534e+00
 1.700000e+00  1.033588e+01
 1.650000e+00  1.069457e+01
 1.600000e+00  1.108222e+01
 1.550000e+00  1.168965e+01
 1.500000e+00  1.241652e+01
 1.450000e+00  1.342590e+01
 1.400000e+00  1.483255e+01
 1.350000e+00  1.645748e+01
 1.300000e+00  1.856476e+01
 1.250000e+00  2.118953e+01
 1.200000e+00  2.407761e+01
 1.150000e+00  2.629086e+01
 1.100000e+00  2.898431e+01
 1.050000e+00  3.968412e+01
 1.000000e+00  3.968412e+01
 9.500000e-01  3.968412e+01
 9.000000e-01  3.968412e+01
 8.500000e-01  3.968412e+01
 8.000000e-01  3.968412e+01
 7.500000e-01  3.968412e+01
