 6.150000e+00 -4.615234e-01
 5.950000e+00 -4.239238e-01
 5.750000e+00 -4.560716e-01
 5.550000e+00 -4.848348e-01
 5.350000e+00 -5.627506e-01
 5.150000e+00 -6.528023e-01
 4.950000e+00 -8.143135e-01
 4.750000e+00 -9.499816e-01
 4.550000e+00 -1.205089e+00
 4.350000e+00 -1.499093e+00
 4.150000e+00 -1.901593e+00
 3.950000e+00 -2.380990e+00
 3.750000e+00 -2.975903e+00
 3.550000e+00 -3.793750e+00
 3.350000e+00 -4.680630e+00
 3.150000e+00 -5.513912e+00
 2.950000e+00 -6.328093e+00
 2.750000e+00 -7.178773e+00
 2.550000e+00 -8.173091e+00
 2.350000e+00 -9.860526e+00
 2.150000e+00 -1.325009e+01
 1.950000e+00 -1.951282e+01
 1.750000e+00 -2.840123e+01
 1.550000e+00 -3.918214e+01
 1.350000e+00 -5.232306e+01
 1.150000e+00 -7.210208e+01
 9.500000e-01 -6.819781e+01
 7.500000e-01 -4.532264e+00
