 6.000000e-01 -1.635494e-12
 7.000000e-01  8.946859e-13
 8.000000e-01 -2.989270e+02
 9.000000e-01 -1.140875e+02
 1.000000e+00  1.718645e+01
 1.100000e+00  7.580913e+01
 1.200000e+00  8.623400e+01
 1.300000e+00  6.409363e+01
 1.400000e+00  5.611199e+01
 1.500000e+00  4.922335e+01
 1.600000e+00  4.667869e+01
 1.700000e+00  4.230956e+01
 1.800000e+00  3.680231e+01
 1.900000e+00  3.142139e+01
 2.000000e+00  2.390814e+01
 2.100000e+00  1.611558e+01
 2.200000e+00  1.127783e+01
 2.300000e+00  8.088392e+00
 2.400000e+00  4.714560e+00
 2.500000e+00  2.890064e+00
 2.600000e+00  2.555674e+00
 2.700000e+00  2.720970e+00
 2.800000e+00  3.017661e+00
 2.900000e+00  2.462871e+00
 3.000000e+00  2.913321e+00
 3.100000e+00  2.695502e+00
 3.200000e+00  2.971739e+00
 3.300000e+00  3.304375e+00
 3.400000e+00  3.712691e+00
 3.500000e+00  2.721930e+00
 3.600000e+00  3.623192e+00
 3.700000e+00  2.191619e+00
 3.800000e+00  2.574676e+00
 3.900000e+00  1.732704e+00
 4.000000e+00  1.840111e+00
 4.100000e+00  1.630231e+00
 4.200000e+00  1.328409e+00
 4.300000e+00  1.086172e+00
 4.400000e+00  8.935616e-01
 4.500000e+00  1.010237e+00
 4.600000e+00  1.060869e+00
 4.700000e+00  2.691283e-01
 4.800000e+00  4.692933e-01
 4.900000e+00  5.285824e-01
 5.000000e+00  7.405280e-01
 5.100000e+00  3.075748e-01
 5.200000e+00  2.187480e-01
 5.300000e+00  2.849893e-01
 5.400000e+00  1.481897e-01
 5.500000e+00  6.133652e-02
 5.600000e+00  3.843594e-02
 5.700000e+00  2.060645e-01
 5.800000e+00  9.230210e-02
 5.900000e+00  1.847428e-02
 6.000000e+00  1.564314e-01
 6.100000e+00  3.337799e-14
