 1.000000e+00  8.122620e-12
 1.100000e+00  5.645326e-11
 1.200000e+00 -9.837076e-12
 1.300000e+00  1.404742e-11
 1.400000e+00  3.944436e-13
 1.500000e+00 -1.103602e-11
 1.600000e+00  5.114938e-12
 1.700000e+00 -7.223620e-12
 1.800000e+00 -2.459127e-11
 1.900000e+00  2.983152e-12
 2.000000e+00 -1.002944e+02
 2.100000e+00 -6.463130e+01
 2.200000e+00 -8.381855e+01
 2.300000e+00 -5.704803e+01
 2.400000e+00 -4.451275e+01
 2.500000e+00 -3.348957e+01
 2.600000e+00 -2.386776e+01
 2.700000e+00 -1.920658e+01
 2.800000e+00 -1.332385e+01
 2.900000e+00 -1.106817e+01
 3.000000e+00 -9.659810e+00
 3.100000e+00 -7.274960e+00
 3.200000e+00 -7.157966e+00
 3.300000e+00 -5.476495e+00
 3.400000e+00 -6.010133e+00
 3.500000e+00 -5.040085e+00
 3.600000e+00 -5.711032e+00
 3.700000e+00 -4.597505e+00
 3.800000e+00 -4.456661e+00
 3.900000e+00 -3.480591e+00
 4.000000e+00 -4.378646e+00
 4.100000e+00 -5.705164e+00
 4.200000e+00 -4.053253e+00
 4.300000e+00 -3.499351e+00
 4.400000e+00 -1.882497e+00
 4.500000e+00 -1.413017e+00
 4.600000e+00 -2.353183e+00
 4.700000e+00 -1.748157e+00
 4.800000e+00 -2.210053e+00
 4.900000e+00 -7.082561e-01
 5.000000e+00 -1.633373e+00
 5.100000e+00 -9.260179e-02
 5.200000e+00 -3.748382e-01
 5.300000e+00 -8.711106e-01
 5.400000e+00  3.601147e-01
 5.500000e+00  1.247199e-01
 5.600000e+00 -4.441049e-01
 5.700000e+00 -6.178187e-01
 5.800000e+00 -5.834210e-01
 5.900000e+00 -4.521564e-02
 6.000000e+00  1.580815e+00
 6.100000e+00  1.879725e-11
