 6.000000e-01 -7.304593e-13
 7.000000e-01 -7.879775e-14
 8.000000e-01 -1.492529e-13
 9.000000e-01  3.337137e-13
 1.000000e+00 -6.077858e+02
 1.100000e+00 -4.614438e+01
 1.200000e+00 -4.971203e+01
 1.300000e+00 -3.734227e+01
 1.400000e+00 -2.423777e+01
 1.500000e+00 -1.196103e+01
 1.600000e+00 -5.172293e+00
 1.700000e+00 -5.170001e+00
 1.800000e+00 -5.527764e+00
 1.900000e+00 -7.296888e+00
 2.000000e+00 -6.382170e+00
 2.100000e+00 -5.606871e+00
 2.200000e+00 -4.868092e+00
 2.300000e+00 -3.471576e+00
 2.400000e+00 -3.856162e+00
 2.500000e+00 -3.236736e+00
 2.600000e+00 -2.823280e+00
 2.700000e+00 -3.056321e+00
 2.800000e+00 -2.626447e+00
 2.900000e+00 -2.012806e+00
 3.000000e+00 -2.508644e+00
 3.100000e+00 -2.081678e+00
 3.200000e+00 -1.372314e+00
 3.300000e+00 -2.028053e+00
 3.400000e+00 -1.289124e+00
 3.500000e+00 -9.722831e-01
 3.600000e+00 -1.350751e+00
 3.700000e+00 -7.450486e-01
 3.800000e+00 -9.669504e-01
 3.900000e+00 -9.404106e-01
 4.000000e+00 -1.017450e+00
 4.100000e+00 -6.511748e-01
 4.200000e+00 -8.434771e-01
 4.300000e+00 -6.909944e-01
 4.400000e+00 -5.825665e-01
 4.500000e+00 -6.309331e-01
 4.600000e+00 -6.861051e-01
 4.700000e+00 -4.886726e-01
 4.800000e+00 -6.317705e-01
 4.900000e+00 -4.774021e-01
 5.000000e+00 -7.214388e-01
 5.100000e+00 -2.229066e-01
 5.200000e+00 -2.844455e-01
 5.300000e+00 -1.936631e-01
 5.400000e+00 -4.047975e-01
 5.500000e+00  1.450969e-03
 5.600000e+00 -3.180744e-01
 5.700000e+00 -1.430640e-01
 5.800000e+00  9.514069e-02
 5.900000e+00  1.045684e-02
 6.000000e+00 -2.149364e-01
 6.100000e+00  0.000000e+00
