 6.000000e-01  4.026733e-10
 7.000000e-01  1.101639e-09
 8.000000e-01  2.112477e-10
 9.000000e-01  6.141547e-10
 1.000000e+00 -3.633591e-11
 1.100000e+00 -1.574412e-10
 1.200000e+00  3.360421e-11
 1.300000e+00  1.737021e-10
 1.400000e+00  8.401346e-10
 1.500000e+00  1.429319e-09
 1.600000e+00  4.489581e-10
 1.700000e+00 -5.240265e-10
 1.800000e+00  1.828068e-10
 1.900000e+00  3.387036e-10
 2.000000e+00 -5.717800e+01
 2.100000e+00 -7.701980e+01
 2.200000e+00 -7.903265e+01
 2.300000e+00 -4.969972e+01
 2.400000e+00 -3.746630e+01
 2.500000e+00 -2.694249e+01
 2.600000e+00 -1.786736e+01
 2.700000e+00 -1.374916e+01
 2.800000e+00 -8.127268e+00
 2.900000e+00 -6.535542e+00
 3.000000e+00 -5.426516e+00
 3.100000e+00 -3.368592e+00
 3.200000e+00 -3.446399e+00
 3.300000e+00 -2.234697e+00
 3.400000e+00 -2.915448e+00
 3.500000e+00 -2.285937e+00
 3.600000e+00 -3.088856e+00
 3.700000e+00 -2.314098e+00
 3.800000e+00 -2.330183e+00
 3.900000e+00 -1.572885e+00
 4.000000e+00 -2.545735e+00
 4.100000e+00 -4.062092e+00
 4.200000e+00 -2.518026e+00
 4.300000e+00 -2.203776e+00
 4.400000e+00 -6.305823e-01
 4.500000e+00 -3.806227e-01
 4.600000e+00 -1.375550e+00
 4.700000e+00 -8.382212e-01
 4.800000e+00 -1.516231e+00
 4.900000e+00 -6.184090e-02
 5.000000e+00 -1.056279e+00
 5.100000e+00  4.357519e-01
 5.200000e+00  7.573426e-02
 5.300000e+00 -5.120265e-01
 5.400000e+00  6.873507e-01
 5.500000e+00  3.829798e-01
 5.600000e+00 -2.156543e-01
 5.700000e+00 -3.965496e-01
 5.800000e+00 -4.361866e-01
 5.900000e+00  7.031180e-02
