 6.100000e+00  1.052744e-12
 6.000000e+00 -1.580808e-01
 5.900000e+00 -1.535580e-01
 5.800000e+00 -9.521469e-02
 5.700000e+00 -3.343137e-02
 5.600000e+00  1.098134e-02
 5.500000e+00 -1.488091e-03
 5.400000e+00 -3.749690e-02
 5.300000e+00  4.961732e-02
 5.200000e+00  8.710536e-02
 5.100000e+00  9.637047e-02
 5.000000e+00  2.597136e-01
 4.900000e+00  3.305453e-01
 4.800000e+00  5.515581e-01
 4.700000e+00  7.263816e-01
 4.600000e+00  9.617089e-01
 4.500000e+00  1.103020e+00
 4.400000e+00  1.291280e+00
 4.300000e+00  1.641227e+00
 4.200000e+00  2.046566e+00
 4.100000e+00  2.617097e+00
 4.000000e+00  3.054978e+00
 3.900000e+00  3.403054e+00
 3.800000e+00  3.848739e+00
 3.700000e+00  4.308511e+00
 3.600000e+00  4.879637e+00
 3.500000e+00  5.383671e+00
 3.400000e+00  5.984712e+00
 3.300000e+00  6.532391e+00
 3.200000e+00  7.248219e+00
 3.100000e+00  7.975750e+00
 3.000000e+00  8.941769e+00
 2.900000e+00  1.004863e+01
 2.800000e+00  1.138106e+01
 2.700000e+00  1.330176e+01
 2.600000e+00  1.568860e+01
 2.500000e+00  1.903761e+01
 2.400000e+00  2.348895e+01
 2.300000e+00  2.919383e+01
 2.200000e+00  3.757576e+01
 2.100000e+00  4.403898e+01
 2.000000e+00  5.406855e+01
 1.900000e+00  5.406855e+01
 1.800000e+00  5.406855e+01
 1.700000e+00  5.406855e+01
 1.600000e+00  5.406855e+01
 1.500000e+00  5.406855e+01
 1.400000e+00  5.406855e+01
 1.300000e+00  5.406855e+01
 1.200000e+00  5.406855e+01
 1.100000e+00  5.406855e+01
 1.000000e+00  5.406855e+01
