 6.100000e+00  0.000000e+00
 6.000000e+00  2.149361e-02
 5.900000e+00  2.044787e-02
 5.800000e+00  1.093373e-02
 5.700000e+00  2.524003e-02
 5.600000e+00  5.704736e-02
 5.500000e+00  5.690212e-02
 5.400000e+00  9.738171e-02
 5.300000e+00  1.167478e-01
 5.200000e+00  1.451921e-01
 5.100000e+00  1.674825e-01
 5.000000e+00  2.396260e-01
 4.900000e+00  2.873659e-01
 4.800000e+00  3.505425e-01
 4.700000e+00  3.994093e-01
 4.600000e+00  4.680193e-01
 4.500000e+00  5.311121e-01
 4.400000e+00  5.893681e-01
 4.300000e+00  6.584669e-01
 4.200000e+00  7.428138e-01
 4.100000e+00  8.079305e-01
 4.000000e+00  9.096746e-01
 3.900000e+00  1.003715e+00
 3.800000e+00  1.100409e+00
 3.700000e+00  1.174912e+00
 3.600000e+00  1.309986e+00
 3.500000e+00  1.407213e+00
 3.400000e+00  1.536124e+00
 3.300000e+00  1.738928e+00
 3.200000e+00  1.876157e+00
 3.100000e+00  2.084323e+00
 3.000000e+00  2.335185e+00
 2.900000e+00  2.536463e+00
 2.800000e+00  2.799106e+00
 2.700000e+00  3.104735e+00
 2.600000e+00  3.387060e+00
 2.500000e+00  3.710730e+00
 2.400000e+00  4.096343e+00
 2.300000e+00  4.443496e+00
 2.200000e+00  4.930301e+00
 2.100000e+00  5.490983e+00
 2.000000e+00  6.129194e+00
 1.900000e+00  6.858877e+00
 1.800000e+00  7.411646e+00
 1.700000e+00  7.928638e+00
 1.600000e+00  8.445859e+00
 1.500000e+00  9.641951e+00
 1.400000e+00  1.206572e+01
 1.300000e+00  1.579993e+01
 1.200000e+00  2.077112e+01
 1.100000e+00  2.538553e+01
 1.000000e+00  8.616409e+01
 9.000000e-01  8.616409e+01
 8.000000e-01  8.616409e+01
 7.000000e-01  8.616409e+01
 6.000000e-01  8.616409e+01
