 6.100000e+00 -7.086392e-15
 6.000000e+00 -1.564307e-02
 5.900000e+00 -1.749038e-02
 5.800000e+00 -2.672045e-02
 5.700000e+00 -4.732673e-02
 5.600000e+00 -5.117009e-02
 5.500000e+00 -5.730348e-02
 5.400000e+00 -7.212212e-02
 5.300000e+00 -1.006207e-01
 5.200000e+00 -1.224950e-01
 5.100000e+00 -1.532519e-01
 5.000000e+00 -2.273042e-01
 4.900000e+00 -2.801617e-01
 4.800000e+00 -3.270902e-01
 4.700000e+00 -3.540022e-01
 4.600000e+00 -4.600882e-01
 4.500000e+00 -5.611108e-01
 4.400000e+00 -6.504657e-01
 4.300000e+00 -7.590816e-01
 4.200000e+00 -8.919210e-01
 4.100000e+00 -1.054943e+00
 4.000000e+00 -1.238952e+00
 3.900000e+00 -1.412220e+00
 3.800000e+00 -1.669686e+00
 3.700000e+00 -1.888845e+00
 3.600000e+00 -2.251162e+00
 3.500000e+00 -2.523352e+00
 3.400000e+00 -2.894618e+00
 3.300000e+00 -3.225052e+00
 3.200000e+00 -3.522223e+00
 3.100000e+00 -3.791769e+00
 3.000000e+00 -4.083097e+00
 2.900000e+00 -4.329379e+00
 2.800000e+00 -4.631140e+00
 2.700000e+00 -4.903232e+00
 2.600000e+00 -5.158793e+00
 2.500000e+00 -5.447793e+00
 2.400000e+00 -5.919241e+00
 2.300000e+00 -6.728072e+00
 2.200000e+00 -7.855847e+00
 2.100000e+00 -9.467395e+00
 2.000000e+00 -1.185820e+01
 1.900000e+00 -1.500032e+01
 1.800000e+00 -1.868054e+01
 1.700000e+00 -2.291148e+01
 1.600000e+00 -2.757933e+01
 1.500000e+00 -3.250165e+01
 1.400000e+00 -3.811282e+01
 1.300000e+00 -4.452216e+01
 1.200000e+00 -5.314552e+01
 1.100000e+00 -6.072640e+01
 1.000000e+00 -6.244500e+01
 9.000000e-01 -5.103619e+01
 8.000000e-01 -2.114342e+01
 7.000000e-01 -2.114342e+01
 6.000000e-01 -2.114342e+01
