 7.500000e-01  5.638686e-14
 8.000000e-01  4.385157e-12
 8.500000e-01  1.472916e-12
 9.000000e-01  3.895443e-12
 9.500000e-01 -1.257558e-11
 1.000000e+00 -2.598746e-13
 1.050000e+00 -2.139962e+02
 1.100000e+00 -5.386909e+01
 1.150000e+00 -4.426486e+01
 1.200000e+00 -5.776166e+01
 1.250000e+00 -5.249540e+01
 1.300000e+00 -4.214551e+01
 1.350000e+00 -3.249873e+01
 1.400000e+00 -2.813289e+01
 1.450000e+00 -2.018772e+01
 1.500000e+00 -1.453725e+01
 1.550000e+00 -1.214869e+01
 1.600000e+00 -7.752941e+00
 1.650000e+00 -7.173946e+00
 1.700000e+00 -8.366831e+00
 1.750000e+00 -8.042061e+00
 1.800000e+00 -7.530739e+00
 1.850000e+00 -9.322653e+00
 1.900000e+00 -9.385262e+00
 1.950000e+00 -7.592008e+00
 2.000000e+00 -8.173263e+00
 2.050000e+00 -7.566998e+00
 2.100000e+00 -7.524393e+00
 2.150000e+00 -6.623687e+00
 2.200000e+00 -6.012845e+00
 2.250000e+00 -5.102377e+00
 2.300000e+00 -5.334201e+00
 2.350000e+00 -3.751989e+00
 2.400000e+00 -5.529839e+00
 2.450000e+00 -5.243565e+00
 2.500000e+00 -4.295770e+00
 2.550000e+00 -3.726940e+00
 2.600000e+00 -4.149989e+00
 2.650000e+00 -3.112624e+00
 2.700000e+00 -4.021771e+00
 2.750000e+00 -3.841677e+00
 2.800000e+00 -3.448397e+00
 2.850000e+00 -3.484697e+00
 2.900000e+00 -2.749479e+00
 2.950000e+00 -3.326277e+00
 3.000000e+00 -2.929525e+00
 3.050000e+00 -2.370623e+00
 3.100000e+00 -3.169328e+00
 3.150000e+00 -2.141407e+00
 3.200000e+00 -1.683067e+00
 3.250000e+00 -2.459536e+00
 3.300000e+00 -2.783044e+00
 3.350000e+00 -2.157121e+00
 3.400000e+00 -2.152353e+00
 3.450000e+00 -1.162634e+00
 3.500000e+00 -1.515716e+00
 3.550000e+00 -1.299640e+00
 3.600000e+00 -1.896656e+00
 3.650000e+00 -1.317392e+00
 3.700000e+00 -1.598543e+00
 3.750000e+00 -1.036493e+00
 3.800000e+00 -1.606378e+00
 3.850000e+00 -7.757123e-01
 3.900000e+00 -1.223864e+00
 3.950000e+00 -9.071147e-01
 4.000000e+00 -1.872429e+00
 4.050000e+00 -7.140000e-01
 4.100000e+00 -1.107317e+00
 4.150000e+00 -1.324278e+00
 4.200000e+00 -9.941676e-01
 4.250000e+00 -1.014051e+00
 4.300000e+00 -8.274785e-01
 4.350000e+00 -9.632445e-01
 4.400000e+00 -9.172287e-01
 4.450000e+00 -7.125059e-01
 4.500000e+00 -6.305407e-01
 4.550000e+00 -6.611727e-01
 4.600000e+00 -1.245932e+00
 4.650000e+00 -3.886194e-01
 4.700000e+00 -1.028937e+00
 4.750000e+00 -8.578163e-01
 4.800000e+00 -3.554045e-01
 4.850000e+00 -1.077039e+00
 4.900000e+00 -7.332961e-01
 4.950000e+00 -5.793783e-01
 5.000000e+00 -6.710834e-01
 5.050000e+00 -2.827762e-01
 5.100000e+00 -1.825444e-01
 5.150000e+00 -6.093771e-01
 5.200000e+00 -2.134943e-01
 5.250000e+00 -4.945902e-01
 5.300000e+00 -3.636896e-01
 5.350000e+00 -2.724284e-01
 5.400000e+00 -3.612970e-01
 5.450000e+00 -3.042219e-01
 5.500000e+00  3.019659e-02
 5.550000e+00 -1.181473e-01
 5.600000e+00 -4.316204e-01
 5.650000e+00 -2.741690e-01
 5.700000e+00 -1.948287e-01
 5.750000e+00 -3.675278e-01
 5.800000e+00  9.797950e-02
 5.850000e+00  5.297496e-02
 5.900000e+00 -1.679355e-01
 5.950000e+00  1.085966e-01
 6.000000e+00 -2.462130e-01
 6.050000e+00  0.000000e+00
