 7.500000e-01 -3.183284e+02
 9.500000e-01 -1.952182e+01
 1.150000e+00  9.889480e+01
 1.350000e+00  6.570438e+01
 1.550000e+00  5.390438e+01
 1.750000e+00  4.444189e+01
 1.950000e+00  3.131353e+01
 2.150000e+00  1.694775e+01
 2.350000e+00  8.437104e+00
 2.550000e+00  4.971530e+00
 2.750000e+00  4.253353e+00
 2.950000e+00  4.070863e+00
 3.150000e+00  4.166377e+00
 3.350000e+00  4.434371e+00
 3.550000e+00  4.089212e+00
 3.750000e+00  2.974544e+00
 3.950000e+00  2.396967e+00
 4.150000e+00  2.012488e+00
 4.350000e+00  1.470008e+00
 4.550000e+00  1.275527e+00
 4.750000e+00  6.783331e-01
 4.950000e+00  8.075503e-01
 5.150000e+00  4.502540e-01
 5.350000e+00  3.895753e-01
 5.550000e+00  1.438139e-01
 5.750000e+00  1.607379e-01
 5.950000e+00 -1.879992e-01
 6.150000e+00  2.307617e+00
