 KPT            1  SPIN            1  KWEIGHT    1.00000000000000     
   -25.69230     2.00000
   -25.31996     2.00000
   -24.71347     2.00000
   -24.43723     2.00000
   -24.37370     2.00000
   -24.21577     2.00000
   -24.11191     2.00000
   -24.02414     2.00000
   -23.91224     2.00000
   -23.86064     2.00000
   -23.84792     2.00000
   -23.79999     2.00000
   -23.73313     2.00000
   -23.64417     2.00000
   -23.43308     2.00000
   -23.16520     2.00000
   -23.14760     2.00000
   -22.97646     2.00000
   -22.92299     2.00000
   -22.83544     2.00000
   -22.79631     2.00000
   -22.72879     2.00000
   -22.70291     2.00000
   -22.44981     2.00000
   -22.12245     2.00000
   -22.04860     2.00000
   -22.03000     2.00000
   -21.88267     2.00000
   -21.71403     2.00000
   -21.53670     2.00000
   -21.42841     2.00000
   -19.06537     2.00000
   -13.66534     2.00000
   -12.93807     2.00000
   -12.86721     2.00000
   -12.62313     2.00000
   -12.48347     2.00000
   -12.30470     2.00000
   -12.21470     2.00000
   -12.13208     2.00000
   -12.03355     2.00000
   -12.01135     2.00000
   -11.97023     2.00000
   -11.85881     2.00000
   -11.77920     2.00000
   -11.73100     2.00000
   -11.54883     2.00000
   -11.34629     2.00000
   -11.31586     2.00000
   -11.20113     2.00000
   -11.13709     2.00000
   -11.09728     2.00000
   -11.01591     2.00000
   -10.90414     2.00000
   -10.83439     2.00000
   -10.68617     2.00000
   -10.60227     2.00000
   -10.58097     2.00000
   -10.54104     2.00000
   -10.49849     2.00000
   -10.42898     2.00000
   -10.36380     2.00000
   -10.25516     2.00000
   -10.17405     2.00000
    -9.89417     2.00000
    -9.84216     2.00000
    -9.76893     2.00000
    -9.73482     2.00000
    -9.65513     2.00000
    -9.61010     2.00000
    -9.56434     2.00000
    -9.53909     2.00000
    -9.40592     2.00000
    -9.33131     2.00000
    -9.30045     2.00000
    -9.17033     2.00000
    -9.14155     2.00000
    -9.02931     2.00000
    -8.91647     2.00000
    -8.91126     2.00000
    -8.83991     2.00000
    -8.72749     2.00000
    -8.70173     2.00000
    -8.68558     2.00000
    -8.55017     2.00000
    -8.42536     2.00000
    -8.37318     2.00000
    -8.36915     2.00000
    -8.26291     2.00000
    -8.19061     2.00000
    -8.12711     2.00000
    -8.04441     2.00000
    -7.98918     2.00000
    -7.94112     2.00000
    -7.85623     2.00000
    -7.74876     2.00000
    -7.73818     2.00000
    -7.65723     2.00000
    -7.62507     2.00000
    -7.62089     2.00000
    -7.51125     2.00000
    -7.47688     2.00000
    -7.37290     2.00000
    -7.34764     2.00000
    -7.25973     2.00000
    -7.23668     2.00000
    -7.14656     2.00000
    -7.01242     2.00000
    -7.00086     2.00000
    -6.88884     2.00000
    -6.83000     2.00000
    -6.78950     2.00000
    -6.70579     2.00000
    -6.69239     2.00000
    -6.59024     2.00000
    -6.39925     2.00000
    -6.30133     2.00000
    -6.23119     2.00000
    -6.16231     2.00000
    -6.13675     2.00000
    -6.07459     2.00000
    -5.99622     2.00000
    -5.88799     2.00000
    -5.71751     2.00000
    -5.69341     2.00000
    -5.54428     2.00000
    -3.38837     2.00000
    -3.24612     2.00000
     1.88272     0.00000
     3.57616     0.00000
     3.68655     0.00000
     3.85347     0.00000
     4.31808     0.00000
     4.56491     0.00000
     4.68615     0.00000
     4.82071     0.00000
     5.12018     0.00000
     5.44552     0.00000
     5.95067     0.00000
     6.41271     0.00000
     6.74036     0.00000
     6.85962     0.00000
     7.20632     0.00000
     7.23525     0.00000
     7.57387     0.00000
     7.71347     0.00000
     7.86199     0.00000
     8.21077     0.00000
     8.47789     0.00000
     8.67323     0.00000
     8.91039     0.00000
     8.98057     0.00000
     9.32656     0.00000
     9.40883     0.00000
     9.52667     0.00000
     9.67198     0.00000
     9.83202     0.00000
     9.92779     0.00000
    10.04436     0.00000
    10.19801     0.00000
    10.50259     0.00000
    10.67906     0.00000
    10.89749     0.00000
    11.06476     0.00000
    11.36135     0.00000
    11.64221     0.00000
    11.71210     0.00000
    11.86139     0.00000
    12.26785     0.00000
    12.45162     0.00000
    12.94052     0.00000
    13.23231     0.00000
    13.43399     0.00000
    13.86300     0.00000
    14.05303     0.00000
    14.55913     0.00000
    14.70467     0.00000
    14.86579     0.00000
    14.95297     0.00000
    15.31539     0.00000
    15.75158     0.00000
    16.06764     0.00000
    16.17530     0.00000
    16.38749     0.00000
    17.16103     0.00000
    17.65414     0.00000
    18.08193     0.00000
    18.31297     0.00000
    19.03336     0.00000
    20.13600     0.00000
    20.88135     0.00000
    21.42760     0.00000
 
