 Fermi distribution function
 
 Calculation with static geometry
 

********************************************************************************
  iSCC Total electronic   Diff electronic      SCC error    
   12   -0.13151478E+03   -0.50874860E-11    0.24575596E-06
********************************************************************************
 

 Net atomic charges (e)
  Atom       Net charge
     1      -0.48562905
     2       0.34140881
     3       0.32175756
     4      -0.67763206
     5       0.32728903
     6       0.32171892
     7      -0.65370876
     8       0.29976058
     9       0.31983680
    10      -0.57741342
    11       0.33173494
    12       0.33159337
    13      -1.03499009
    14       0.34763432
    15       0.34206836
    16      -0.65831717
    17       0.37034466
    18       0.32006297
    19      -0.60175525
    20       0.35523388
    21       0.36130882
    22      -0.61541319
    23       0.33618086
    24       0.35721317
    25      -0.62395298
    26       0.31073674
    27       0.40894839
    28      -0.66399236
    29       0.35698178
    30       0.32998745
    31      -0.64420688
    32       0.32248655
    33       0.33679597
    34      -0.73819186
    35       0.40769427
    36       0.31099881
    37      -0.78646377
    38       0.31722036
    39       0.34399059
    40      -0.93168746
    41       0.31592029
    42       0.35087202
    43      -0.68960609
    44       0.39511657
    45       0.30699555
    46      -0.80003855
    47       0.29943684
    48       0.28210704
    49      -0.71310983
    50       0.34387274
    51       0.33316827
    52      -0.54255557
    53       0.34259000
    54       0.33214074
    55      -0.68854238
    56       0.33096437
    57       0.38189928
    58      -0.67478950
    59       0.33093382
    60       0.30459857
    61      -0.60916839
    62       0.31748599
    63       0.31038395
    64      -0.73943338
    65       0.31431094
    66       0.35856092
    67      -0.64005772
    68       0.33545266
    69       0.34216645
    70      -0.55046785
    71       0.41914134
    72       0.32198783
    73      -0.60442234
    74       0.34530472
    75       0.34760998
    76      -0.77365048
    77       0.32550258
    78       0.34933275
    79      -0.54323577
    80       0.29237062
    81       0.33242541
    82      -0.55499066
    83       0.35924284
    84       0.33496530
    85      -0.65299361
    86       0.32994637
    87       0.33548748
    88      -0.68629110
    89       0.30047697
    90       0.35419235
    91      -0.64965015
    92       0.34193753
    93       0.32208955
    94      -0.62164290
    95       0.30570204
    96       0.25031994
 
 COMPONENT = q
  
 Eigenvalues /H
   -0.94417464
   -0.93049138
   -0.90820326
   -0.89805153
   -0.89571693
   -0.88991334
   -0.88609646
   -0.88287085
   -0.87875851
   -0.87686254
   -0.87639508
   -0.87463364
   -0.87217636
   -0.86890734
   -0.86114975
   -0.85130558
   -0.85065878
   -0.84436942
   -0.84240437
   -0.83918703
   -0.83774892
   -0.83526755
   -0.83431660
   -0.82501525
   -0.81298505
   -0.81027103
   -0.80958772
   -0.80417338
   -0.79797610
   -0.79145936
   -0.78747948
   -0.70063962
   -0.50219190
   -0.47546533
   -0.47286114
   -0.46389140
   -0.45875908
   -0.45218955
   -0.44888190
   -0.44584568
   -0.44222496
   -0.44140898
   -0.43989779
   -0.43580329
   -0.43287779
   -0.43110634
   -0.42441178
   -0.41696852
   -0.41585007
   -0.41163383
   -0.40928053
   -0.40781742
   -0.40482727
   -0.40071963
   -0.39815634
   -0.39270956
   -0.38962617
   -0.38884350
   -0.38737614
   -0.38581235
   -0.38325786
   -0.38086281
   -0.37687006
   -0.37388936
   -0.36360407
   -0.36169265
   -0.35900148
   -0.35774798
   -0.35481941
   -0.35316457
   -0.35148288
   -0.35055520
   -0.34566125
   -0.34291920
   -0.34178530
   -0.33700335
   -0.33594561
   -0.33182109
   -0.32767433
   -0.32748271
   -0.32486078
   -0.32072920
   -0.31978267
   -0.31918905
   -0.31421289
   -0.30962641
   -0.30770857
   -0.30756055
   -0.30365654
   -0.30099945
   -0.29866565
   -0.29562668
   -0.29359684
   -0.29183092
   -0.28871111
   -0.28476173
   -0.28437289
   -0.28139807
   -0.28021615
   -0.28006265
   -0.27603331
   -0.27477030
   -0.27094897
   -0.27002064
   -0.26679014
   -0.26594301
   -0.26263110
   -0.25770154
   -0.25727699
   -0.25316007
   -0.25099780
   -0.24950939
   -0.24643310
   -0.24594070
   -0.24218683
   -0.23516820
   -0.23156953
   -0.22899184
   -0.22646089
   -0.22552159
   -0.22323724
   -0.22035698
   -0.21637978
   -0.21011479
   -0.20922913
   -0.20374843
   -0.12452043
   -0.11929289
    0.06918887
    0.13142139
    0.13547814
    0.14161254
    0.15868661
    0.16775741
    0.17221275
    0.17715766
    0.18816327
    0.20011908
    0.21868324
    0.23566282
    0.24770386
    0.25208630
    0.26482739
    0.26589050
    0.27833471
    0.28346487
    0.28892275
    0.30174021
    0.31155681
    0.31873527
    0.32745092
    0.33002981
    0.34274466
    0.34576797
    0.35009862
    0.35543889
    0.36132021
    0.36483947
    0.36912357
    0.37477013
    0.38596293
    0.39244815
    0.40047550
    0.40662240
    0.41752182
    0.42784320
    0.43041188
    0.43589824
    0.45083531
    0.45758847
    0.47555555
    0.48627851
    0.49369013
    0.50945571
    0.51643940
    0.53503803
    0.54038675
    0.54630790
    0.54951163
    0.56283030
    0.57886003
    0.59047482
    0.59443127
    0.60222930
    0.63065617
    0.64877756
    0.66449886
    0.67298924
    0.69946323
    0.73998455
    0.76737562
    0.78744982
 
 Eigenvalues /eV
  -25.69229907
  -25.31995867
  -24.71346815
  -24.43722550
  -24.37369783
  -24.21577416
  -24.11191158
  -24.02413811
  -23.91223560
  -23.86064366
  -23.84792360
  -23.79999233
  -23.73312632
  -23.64417168
  -23.43307704
  -23.16520351
  -23.14760310
  -22.97646093
  -22.92298932
  -22.83544106
  -22.79630789
  -22.72878647
  -22.70290983
  -22.44980709
  -22.12244872
  -22.04859652
  -22.03000270
  -21.88267094
  -21.71403437
  -21.53670491
  -21.42840700
  -19.06537410
  -13.66533675
  -12.93807000
  -12.86720617
  -12.62312718
  -12.48346981
  -12.30470383
  -12.21469790
  -12.13207815
  -12.03355345
  -12.01134954
  -11.97022781
  -11.85881079
  -11.77920412
  -11.73100031
  -11.54883213
  -11.34629062
  -11.31585614
  -11.20112634
  -11.13708979
  -11.09727669
  -11.01591038
  -10.90413588
  -10.83438534
  -10.68617078
  -10.60226751
  -10.58097009
  -10.54104119
  -10.49848826
  -10.42897708
  -10.36380431
  -10.25515603
  -10.17404711
   -9.89417020
   -9.84215788
   -9.76892720
   -9.73481780
   -9.65512741
   -9.61009679
   -9.56433574
   -9.53909243
   -9.40592110
   -9.33130608
   -9.30045131
   -9.17032785
   -9.14154505
   -9.02931117
   -8.91647218
   -8.91125801
   -8.83991164
   -8.72748562
   -8.70172919
   -8.68557596
   -8.55016766
   -8.42536326
   -8.37317623
   -8.36914840
   -8.26291479
   -8.19061173
   -8.12710582
   -8.04441119
   -7.98917644
   -7.94112329
   -7.85622905
   -7.74876093
   -7.73818001
   -7.65723097
   -7.62506948
   -7.62089249
   -7.51124845
   -7.47688020
   -7.37289660
   -7.34763548
   -7.25972918
   -7.23667761
   -7.14655572
   -7.01241582
   -7.00086302
   -6.88883596
   -6.82999755
   -6.78949586
   -6.70578586
   -6.69238687
   -6.59023908
   -6.39925229
   -6.30132747
   -6.23118511
   -6.16231438
   -6.13675476
   -6.07459446
   -5.99621850
   -5.88799328
   -5.71751423
   -5.69341434
   -5.54427695
   -3.38837330
   -3.24612466
    1.88272492
    3.57615788
    3.68654772
    3.85347336
    4.31808223
    4.56491125
    4.68614723
    4.82070516
    5.12018310
    5.44551729
    5.95067373
    6.41271165
    6.74036492
    6.85961726
    7.20632001
    7.23524859
    7.57387278
    7.71347162
    7.86198806
    8.21076884
    8.47789228
    8.67322808
    8.91039278
    8.98056806
    9.32655669
    9.40882518
    9.52666816
    9.67198422
    9.83202312
    9.92778718
   10.04436342
   10.19801401
   10.50258576
   10.67905761
   10.89749272
   11.06475844
   11.36134666
   11.64220592
   11.71210306
   11.86139466
   12.26785297
   12.45161591
   12.94052498
   13.23231146
   13.43399193
   13.86299509
   14.05303119
   14.55912552
   14.70467157
   14.86579444
   14.95297229
   15.31539169
   15.75158272
   16.06763731
   16.17529791
   16.38749304
   17.16102749
   17.65413578
   18.08193387
   18.31296893
   19.03336292
   20.13600420
   20.88135297
   21.42759975
 
 Fillings
     2.00000
     2.00000
     2.00000
     2.00000
     2.00000
     2.00000
     2.00000
     2.00000
     2.00000
     2.00000
     2.00000
     2.00000
     2.00000
     2.00000
     2.00000
     2.00000
     2.00000
     2.00000
     2.00000
     2.00000
     2.00000
     2.00000
     2.00000
     2.00000
     2.00000
     2.00000
     2.00000
     2.00000
     2.00000
     2.00000
     2.00000
     2.00000
     2.00000
     2.00000
     2.00000
     2.00000
     2.00000
     2.00000
     2.00000
     2.00000
     2.00000
     2.00000
     2.00000
     2.00000
     2.00000
     2.00000
     2.00000
     2.00000
     2.00000
     2.00000
     2.00000
     2.00000
     2.00000
     2.00000
     2.00000
     2.00000
     2.00000
     2.00000
     2.00000
     2.00000
     2.00000
     2.00000
     2.00000
     2.00000
     2.00000
     2.00000
     2.00000
     2.00000
     2.00000
     2.00000
     2.00000
     2.00000
     2.00000
     2.00000
     2.00000
     2.00000
     2.00000
     2.00000
     2.00000
     2.00000
     2.00000
     2.00000
     2.00000
     2.00000
     2.00000
     2.00000
     2.00000
     2.00000
     2.00000
     2.00000
     2.00000
     2.00000
     2.00000
     2.00000
     2.00000
     2.00000
     2.00000
     2.00000
     2.00000
     2.00000
     2.00000
     2.00000
     2.00000
     2.00000
     2.00000
     2.00000
     2.00000
     2.00000
     2.00000
     2.00000
     2.00000
     2.00000
     2.00000
     2.00000
     2.00000
     2.00000
     2.00000
     2.00000
     2.00000
     2.00000
     2.00000
     2.00000
     2.00000
     2.00000
     2.00000
     2.00000
     2.00000
     2.00000
     0.00000
     0.00000
     0.00000
     0.00000
     0.00000
     0.00000
     0.00000
     0.00000
     0.00000
     0.00000
     0.00000
     0.00000
     0.00000
     0.00000
     0.00000
     0.00000
     0.00000
     0.00000
     0.00000
     0.00000
     0.00000
     0.00000
     0.00000
     0.00000
     0.00000
     0.00000
     0.00000
     0.00000
     0.00000
     0.00000
     0.00000
     0.00000
     0.00000
     0.00000
     0.00000
     0.00000
     0.00000
     0.00000
     0.00000
     0.00000
     0.00000
     0.00000
     0.00000
     0.00000
     0.00000
     0.00000
     0.00000
     0.00000
     0.00000
     0.00000
     0.00000
     0.00000
     0.00000
     0.00000
     0.00000
     0.00000
     0.00000
     0.00000
     0.00000
     0.00000
     0.00000
     0.00000
     0.00000
     0.00000
 
 Nr. of electrons (up):    256.00000000
 Atom populations (up)
  Atom       Population
     1       6.48562905
     2       0.65859119
     3       0.67824244
     4       6.67763206
     5       0.67271097
     6       0.67828108
     7       6.65370876
     8       0.70023942
     9       0.68016320
    10       6.57741342
    11       0.66826506
    12       0.66840663
    13       7.03499009
    14       0.65236568
    15       0.65793164
    16       6.65831717
    17       0.62965534
    18       0.67993703
    19       6.60175525
    20       0.64476612
    21       0.63869118
    22       6.61541319
    23       0.66381914
    24       0.64278683
    25       6.62395298
    26       0.68926326
    27       0.59105161
    28       6.66399236
    29       0.64301822
    30       0.67001255
    31       6.64420688
    32       0.67751345
    33       0.66320403
    34       6.73819186
    35       0.59230573
    36       0.68900119
    37       6.78646377
    38       0.68277964
    39       0.65600941
    40       6.93168746
    41       0.68407971
    42       0.64912798
    43       6.68960609
    44       0.60488343
    45       0.69300445
    46       6.80003855
    47       0.70056316
    48       0.71789296
    49       6.71310983
    50       0.65612726
    51       0.66683173
    52       6.54255557
    53       0.65741000
    54       0.66785926
    55       6.68854238
    56       0.66903563
    57       0.61810072
    58       6.67478950
    59       0.66906618
    60       0.69540143
    61       6.60916839
    62       0.68251401
    63       0.68961605
    64       6.73943338
    65       0.68568906
    66       0.64143908
    67       6.64005772
    68       0.66454734
    69       0.65783355
    70       6.55046785
    71       0.58085866
    72       0.67801217
    73       6.60442234
    74       0.65469528
    75       0.65239002
    76       6.77365048
    77       0.67449742
    78       0.65066725
    79       6.54323577
    80       0.70762938
    81       0.66757459
    82       6.55499066
    83       0.64075716
    84       0.66503470
    85       6.65299361
    86       0.67005363
    87       0.66451252
    88       6.68629110
    89       0.69952303
    90       0.64580765
    91       6.64965015
    92       0.65806247
    93       0.67791045
    94       6.62164290
    95       0.69429796
    96       0.74968006
 
 l-shell populations (up)
  Atom Sh.   l       Population
     1   1   0       1.78750160
     1   2   1       4.69812745
     2   1   0       0.65859119
     3   1   0       0.67824244
     4   1   0       1.80483311
     4   2   1       4.87279896
     5   1   0       0.67271097
     6   1   0       0.67828108
     7   1   0       1.79251590
     7   2   1       4.86119286
     8   1   0       0.70023942
     9   1   0       0.68016320
    10   1   0       1.72778658
    10   2   1       4.84962685
    11   1   0       0.66826506
    12   1   0       0.66840663
    13   1   0       1.83663716
    13   2   1       5.19835293
    14   1   0       0.65236568
    15   1   0       0.65793164
    16   1   0       1.80302786
    16   2   1       4.85528931
    17   1   0       0.62965534
    18   1   0       0.67993703
    19   1   0       1.78569553
    19   2   1       4.81605971
    20   1   0       0.64476612
    21   1   0       0.63869118
    22   1   0       1.76251024
    22   2   1       4.85290295
    23   1   0       0.66381914
    24   1   0       0.64278683
    25   1   0       1.84224583
    25   2   1       4.78170715
    26   1   0       0.68926326
    27   1   0       0.59105161
    28   1   0       1.74336610
    28   2   1       4.92062626
    29   1   0       0.64301822
    30   1   0       0.67001255
    31   1   0       1.76116283
    31   2   1       4.88304406
    32   1   0       0.67751345
    33   1   0       0.66320403
    34   1   0       1.84133132
    34   2   1       4.89686054
    35   1   0       0.59230573
    36   1   0       0.68900119
    37   1   0       1.80916763
    37   2   1       4.97729615
    38   1   0       0.68277964
    39   1   0       0.65600941
    40   1   0       1.82486198
    40   2   1       5.10682548
    41   1   0       0.68407971
    42   1   0       0.64912798
    43   1   0       1.73214822
    43   2   1       4.95745788
    44   1   0       0.60488343
    45   1   0       0.69300445
    46   1   0       1.81114050
    46   2   1       4.98889805
    47   1   0       0.70056316
    48   1   0       0.71789296
    49   1   0       1.80118386
    49   2   1       4.91192598
    50   1   0       0.65612726
    51   1   0       0.66683173
    52   1   0       1.71772609
    52   2   1       4.82482947
    53   1   0       0.65741000
    54   1   0       0.66785926
    55   1   0       1.74690601
    55   2   1       4.94163637
    56   1   0       0.66903563
    57   1   0       0.61810072
    58   1   0       1.76580786
    58   2   1       4.90898165
    59   1   0       0.66906618
    60   1   0       0.69540143
    61   1   0       1.77885334
    61   2   1       4.83031506
    62   1   0       0.68251401
    63   1   0       0.68961605
    64   1   0       1.81615645
    64   2   1       4.92327693
    65   1   0       0.68568906
    66   1   0       0.64143908
    67   1   0       1.77752225
    67   2   1       4.86253547
    68   1   0       0.66454734
    69   1   0       0.65783355
    70   1   0       1.72004544
    70   2   1       4.83042241
    71   1   0       0.58085866
    72   1   0       0.67801217
    73   1   0       1.73671354
    73   2   1       4.86770880
    74   1   0       0.65469528
    75   1   0       0.65239002
    76   1   0       1.78603132
    76   2   1       4.98761916
    77   1   0       0.67449742
    78   1   0       0.65066725
    79   1   0       1.78850269
    79   2   1       4.75473308
    80   1   0       0.70762938
    81   1   0       0.66757459
    82   1   0       1.79160732
    82   2   1       4.76338334
    83   1   0       0.64075716
    84   1   0       0.66503470
    85   1   0       1.79344633
    85   2   1       4.85954727
    86   1   0       0.67005363
    87   1   0       0.66451252
    88   1   0       1.77618403
    88   2   1       4.91010707
    89   1   0       0.69952303
    90   1   0       0.64580765
    91   1   0       1.73844735
    91   2   1       4.91120280
    92   1   0       0.65806247
    93   1   0       0.67791045
    94   1   0       1.74081705
    94   2   1       4.88082585
    95   1   0       0.69429796
    96   1   0       0.74968006
 
 Orbital populations (up)
  Atom Sh.   l   m       Population
     1   1   0   0       1.78750160
     1   2   1  -1       1.66768367
     1   2   1   0       1.46108192
     1   2   1   1       1.56936185
     2   1   0   0       0.65859119
     3   1   0   0       0.67824244
     4   1   0   0       1.80483311
     4   2   1  -1       1.52834845
     4   2   1   0       1.50940828
     4   2   1   1       1.83504223
     5   1   0   0       0.67271097
     6   1   0   0       0.67828108
     7   1   0   0       1.79251590
     7   2   1  -1       1.69947686
     7   2   1   0       1.32532932
     7   2   1   1       1.83638669
     8   1   0   0       0.70023942
     9   1   0   0       0.68016320
    10   1   0   0       1.72778658
    10   2   1  -1       1.72727326
    10   2   1   0       1.35597200
    10   2   1   1       1.76638158
    11   1   0   0       0.66826506
    12   1   0   0       0.66840663
    13   1   0   0       1.83663716
    13   2   1  -1       1.90438107
    13   2   1   0       1.73369218
    13   2   1   1       1.56027968
    14   1   0   0       0.65236568
    15   1   0   0       0.65793164
    16   1   0   0       1.80302786
    16   2   1  -1       1.32689145
    16   2   1   0       1.89024161
    16   2   1   1       1.63815625
    17   1   0   0       0.62965534
    18   1   0   0       0.67993703
    19   1   0   0       1.78569553
    19   2   1  -1       1.56289071
    19   2   1   0       1.46981495
    19   2   1   1       1.78335405
    20   1   0   0       0.64476612
    21   1   0   0       0.63869118
    22   1   0   0       1.76251024
    22   2   1  -1       1.57550195
    22   2   1   0       1.77828949
    22   2   1   1       1.49911151
    23   1   0   0       0.66381914
    24   1   0   0       0.64278683
    25   1   0   0       1.84224583
    25   2   1  -1       1.70496765
    25   2   1   0       1.47128680
    25   2   1   1       1.60545269
    26   1   0   0       0.68926326
    27   1   0   0       0.59105161
    28   1   0   0       1.74336610
    28   2   1  -1       1.92435876
    28   2   1   0       1.25812490
    28   2   1   1       1.73814260
    29   1   0   0       0.64301822
    30   1   0   0       0.67001255
    31   1   0   0       1.76116283
    31   2   1  -1       1.94957558
    31   2   1   0       1.34938776
    31   2   1   1       1.58408072
    32   1   0   0       0.67751345
    33   1   0   0       0.66320403
    34   1   0   0       1.84133132
    34   2   1  -1       1.72815704
    34   2   1   0       1.61000406
    34   2   1   1       1.55869945
    35   1   0   0       0.59230573
    36   1   0   0       0.68900119
    37   1   0   0       1.80916763
    37   2   1  -1       1.41866042
    37   2   1   0       1.71621421
    37   2   1   1       1.84242152
    38   1   0   0       0.68277964
    39   1   0   0       0.65600941
    40   1   0   0       1.82486198
    40   2   1  -1       1.97140064
    40   2   1   0       1.58468345
    40   2   1   1       1.55074139
    41   1   0   0       0.68407971
    42   1   0   0       0.64912798
    43   1   0   0       1.73214822
    43   2   1  -1       1.61037308
    43   2   1   0       1.70145474
    43   2   1   1       1.64563005
    44   1   0   0       0.60488343
    45   1   0   0       0.69300445
    46   1   0   0       1.81114050
    46   2   1  -1       1.58775699
    46   2   1   0       1.86578304
    46   2   1   1       1.53535801
    47   1   0   0       0.70056316
    48   1   0   0       0.71789296
    49   1   0   0       1.80118386
    49   2   1  -1       1.35489897
    49   2   1   0       1.80179339
    49   2   1   1       1.75523362
    50   1   0   0       0.65612726
    51   1   0   0       0.66683173
    52   1   0   0       1.71772609
    52   2   1  -1       1.52581499
    52   2   1   0       1.82941399
    52   2   1   1       1.46960049
    53   1   0   0       0.65741000
    54   1   0   0       0.66785926
    55   1   0   0       1.74690601
    55   2   1  -1       1.55828056
    55   2   1   0       1.76785403
    55   2   1   1       1.61550177
    56   1   0   0       0.66903563
    57   1   0   0       0.61810072
    58   1   0   0       1.76580786
    58   2   1  -1       1.72685972
    58   2   1   0       1.80511826
    58   2   1   1       1.37700366
    59   1   0   0       0.66906618
    60   1   0   0       0.69540143
    61   1   0   0       1.77885334
    61   2   1  -1       1.47425365
    61   2   1   0       1.59728359
    61   2   1   1       1.75877782
    62   1   0   0       0.68251401
    63   1   0   0       0.68961605
    64   1   0   0       1.81615645
    64   2   1  -1       1.53747372
    64   2   1   0       1.82694055
    64   2   1   1       1.55886265
    65   1   0   0       0.68568906
    66   1   0   0       0.64143908
    67   1   0   0       1.77752225
    67   2   1  -1       1.58772027
    67   2   1   0       1.87563471
    67   2   1   1       1.39918048
    68   1   0   0       0.66454734
    69   1   0   0       0.65783355
    70   1   0   0       1.72004544
    70   2   1  -1       1.55750644
    70   2   1   0       1.64928822
    70   2   1   1       1.62362775
    71   1   0   0       0.58085866
    72   1   0   0       0.67801217
    73   1   0   0       1.73671354
    73   2   1  -1       1.78124198
    73   2   1   0       1.62985664
    73   2   1   1       1.45661019
    74   1   0   0       0.65469528
    75   1   0   0       0.65239002
    76   1   0   0       1.78603132
    76   2   1  -1       1.96891891
    76   2   1   0       1.34831104
    76   2   1   1       1.67038921
    77   1   0   0       0.67449742
    78   1   0   0       0.65066725
    79   1   0   0       1.78850269
    79   2   1  -1       1.54747298
    79   2   1   0       1.61516518
    79   2   1   1       1.59209493
    80   1   0   0       0.70762938
    81   1   0   0       0.66757459
    82   1   0   0       1.79160732
    82   2   1  -1       1.54194918
    82   2   1   0       1.76738282
    82   2   1   1       1.45405134
    83   1   0   0       0.64075716
    84   1   0   0       0.66503470
    85   1   0   0       1.79344633
    85   2   1  -1       1.76535006
    85   2   1   0       1.62424950
    85   2   1   1       1.46994771
    86   1   0   0       0.67005363
    87   1   0   0       0.66451252
    88   1   0   0       1.77618403
    88   2   1  -1       1.56765470
    88   2   1   0       1.69078371
    88   2   1   1       1.65166866
    89   1   0   0       0.69952303
    90   1   0   0       0.64580765
    91   1   0   0       1.73844735
    91   2   1  -1       1.46558549
    91   2   1   0       1.68023515
    91   2   1   1       1.76538216
    92   1   0   0       0.65806247
    93   1   0   0       0.67791045
    94   1   0   0       1.74081705
    94   2   1  -1       1.87604460
    94   2   1   0       1.70064805
    94   2   1   1       1.30413321
    95   1   0   0       0.69429796
    96   1   0   0       0.74968006
 
 Fermi energy:                      -0.0239017766 H           -0.6504 eV
 Band energy:                     -117.6528610985 H        -3201.4972 eV
 TS:                                 0.0000001678 H            0.0000 eV
 Band free energy (E-TS):         -117.6528612663 H        -3201.4972 eV
 Extrapolated E(0K):              -117.6528611824 H        -3201.4972 eV
 Input/Output electrons (q):    256.00000000    256.00000000
 
 Energy H0:                       -132.1296051814 H        -3595.4295 eV
 Energy SCC:                         0.6148241790 H           16.7302 eV
 Total Electronic energy:         -131.5147810024 H        -3578.6993 eV
 Repulsive energy:                   0.0000000000 H            0.0000 eV
 Total energy:                    -131.5147810024 H        -3578.6993 eV
 Total Mermin free energy:        -131.5147811702 H        -3578.6993 eV
 
 SCC converged
 
 Total Forces
  7.950291633634717E-002  8.869176474300340E-002  0.165756121177070     
  8.792888579364828E-002 -9.354172254994247E-002  9.182953623519101E-002
  0.131837163797068      -2.614613124898293E-003 -6.691353476960463E-002
 -5.010423294983427E-003 -0.168136393784229       0.149186700000173     
  3.359595610079159E-002 -1.998386673827706E-002  0.163186233162649     
  8.411457589448766E-002  0.128797597769649      -9.885913935991224E-002
 -0.114667933426951      -0.168527370348700       1.204676258253002E-002
  5.078732129054829E-002 -6.345592056210576E-002 -0.126015123556702     
  9.075242812900504E-002 -0.110303352691366       3.679595946500396E-002
 -5.509391175333750E-002  0.164739880673269       7.814305058185875E-002
  4.508590297554183E-002 -1.562388440379215E-003  0.124750523592098     
  7.351439189626670E-002 -1.320345068051137E-002 -0.110501378794291     
  9.655278479434870E-002  5.095876089873282E-003  7.373514133216783E-002
  0.112720751851861       3.194390065356432E-002  5.896700713184604E-002
  1.445382613523018E-002  0.159750559443978       4.248378562885886E-002
  0.137845323011732       0.107195009867489       6.705316539045343E-002
 -4.874914210070649E-002  0.137211634906688       6.287403393895313E-002
 -5.326902367062601E-002  7.585015968369016E-002  9.914932837416489E-002
 -0.148627261176696       0.129525403041878      -0.187881681075609     
 -9.747681267389398E-003 -7.598786645363319E-002  5.236899065302823E-002
  6.319600869488826E-002  3.341871071255052E-002  8.143766078166233E-002
  8.616061098010025E-002 -0.167336754559398       3.047758732719153E-002
 -6.190676280441058E-002 -2.791037658074308E-003  0.109513590790260     
  5.314445996483642E-002  0.142788352331782       3.072296756217767E-002
 -0.205649594513868       0.109876481331128       0.116667390250218     
  9.162556492613896E-002 -4.664488926025562E-002 -5.948568529106171E-002
 -5.713695390217806E-002 -7.175197058899123E-002 -2.611241262643922E-002
 -0.102425596720019       8.163256219306989E-002 -5.151502054796925E-002
  6.283165963856900E-002  0.112102221282891      -9.525125682527284E-002
  0.146948656329964      -5.759089419867251E-002 -6.798856697989000E-002
 -0.178237847905698       1.847177603035996E-002 -6.134437061073557E-002
  9.755657361178278E-002 -5.678897241296896E-002 -4.817170290919612E-002
  0.109255316468439      -3.678140718725779E-002 -0.112296741010558     
  6.468153104653669E-002 -5.182070466144816E-002 -7.022772592246899E-002
  3.094386537490873E-002  2.428573889586538E-002  2.660448673567817E-002
 -5.282197760395088E-002  0.133920979462333      -2.444710313613716E-002
 -3.795800673460648E-002  5.740929103056924E-002 -0.118523527892554     
  5.016116282329949E-002 -8.379825179160305E-002  0.108518579609171     
 -0.138363102458013       3.743932951900108E-002  4.117340452876764E-002
  9.565623621732201E-002 -2.702910821162011E-003 -0.137556827109285     
 -4.489931254571199E-002 -6.134268837012243E-002 -0.159373636486021     
  2.662573444352817E-002  5.092396569538296E-002  2.909433235193365E-002
 -0.161956668986538      -7.068400104987600E-002 -2.446805149503510E-002
  6.637235127930953E-002 -8.664092998421791E-002  7.839835757739443E-002
 -3.333974957455718E-002 -0.133449441032431      -2.553893859619209E-002
 -8.402726736351186E-002  3.756906869089446E-002 -0.126867934675522     
 -2.698942900299995E-002 -0.119176135783541      -6.185275611022422E-002
  0.102311072779573       2.695981464453661E-002  5.056491050764011E-002
  9.310421441884816E-002  9.255503384483642E-002 -0.133321946208805     
 -5.743566909158196E-002  3.821160545144987E-002  5.988383316979770E-002
  2.302871392820588E-002 -6.282621297626884E-002  0.157540143172515     
 -8.392093824398469E-002 -7.571983019051368E-002 -1.542486574945269E-002
 -7.559029983228517E-002 -3.677335441445264E-002  0.110519151301740     
  9.057711468348842E-002  0.135148551763435      -5.181457924705780E-002
 -1.739769433190220E-003 -4.808733342796630E-002  0.117200685275549     
 -9.046081393247442E-002 -7.877069058357999E-002 -6.896991738323313E-002
  0.142001007421840      -9.170043895062808E-003 -1.979684771673638E-002
 -4.478172621497229E-003  0.193495522869070      -4.829851801365221E-002
 -0.117599415994836       1.249856462442847E-002 -9.568477732565495E-002
  5.851166561680636E-002  5.512743473277854E-002  9.912057954178007E-002
 -2.100700362855606E-002 -6.085294394193764E-003 -0.219108829761900     
 -7.880395030999182E-002  1.617717828810179E-002  0.117120503197392     
 -9.934505707401717E-002  3.192816580101145E-002 -4.500253324659021E-002
  0.119000768943701       5.720673665226225E-002 -1.896438967920348E-003
 -9.950246401513284E-002 -5.126164160382520E-002  7.691609370230876E-002
 -6.190481764002678E-002 -1.549982857300491E-002 -4.449255494575047E-002
 -6.183130215409323E-002 -0.168127977163241      -9.462421021311825E-002
  3.795315372829818E-002  6.742320615021064E-002 -0.126154069079874     
 -5.441994167973010E-002  0.136254448978180       3.264916525057741E-002
 -0.185039514862397      -0.106198231771590      -9.716762051794278E-003
 -2.104460471724142E-002  1.225489237726291E-002  6.467319340785975E-002
  0.115249254236911      -9.508324635767471E-002 -2.544921704918418E-002
 -5.288991118100304E-002  0.111098298872888      -0.111705222476319     
 -9.497093069087784E-002 -9.188377316605931E-002 -3.925600562410432E-002
 -1.640083015107330E-002 -9.279844830860494E-002  1.265024015535031E-002
  0.126448018038046      -1.116878600607294E-002 -9.046987621088845E-002
  3.690350421847167E-002 -3.480540170744634E-002  5.664041864373377E-002
 -4.729264859004858E-002 -1.954108452901600E-002 -0.119773265642988     
 -1.449004240121903E-002 -0.176599992266820      -6.627169163789776E-002
 -2.783262095958031E-002 -0.127686538479590       7.012090882538143E-002
 -6.258775253773222E-002 -7.455115562357346E-002  0.126517600551945     
 -0.108067022224574       0.168563164967648       4.793934803670476E-002
  0.132039070011992      -5.340239611167338E-002  9.947385711703994E-003
  2.588563886225060E-002  0.125304667657973       9.526658114166074E-002
  3.868016937799370E-002  0.159358373203191       0.185364324170157     
  6.705960678302005E-002  0.120181868604767       5.303407076432690E-002
  2.239168811981293E-002 -0.105113852312095       8.055738810469375E-002
  1.058011807253380E-002 -8.705060325632707E-002 -0.130693879990884     
 -2.857199959481775E-002  0.104294718160742      -1.064264592736692E-002
  0.130792517705100      -6.687088065930132E-002 -4.818156218464782E-002
 -0.113163923456023      -0.123874845106101       5.914234480111159E-002
  0.112983030665163      -4.870602795837901E-002  0.105832899378220     
 -8.885360302297438E-002  2.240863588931549E-002 -4.640683715074949E-003
  3.041584948032468E-002  7.967879782215343E-003 -0.154707434461955     
 -9.885972757048753E-002  6.822201883614588E-002 -3.753606255196676E-003
 -0.110785742480685       2.994359375139675E-003 -7.909140870392323E-002
 
 Total stress tensor
     -0.001120964955      0.000149762752      0.000016356552
      0.000149766785     -0.001047333227      0.000002555613
      0.000016354291      0.000002557737     -0.001078835050
 
 Total lattice derivs
      0.296693641162     -0.039638755918     -0.004329203196
     -0.039639823275      0.277205016222     -0.000676411902
     -0.004328604736     -0.000676974244      0.285542824381
 
 Maximal derivative component:       0.219109E+00 au
 
 Volume:                             0.430600E+04 au^3
 Pressure:                          -0.108238E-02 au    -0.318446E+11 Pa
 
 
