nprint: 1
2 elements in list.
atom types: O H
frame: 1
/usr/gapps/polymers/dftb+_1.2_llnl/prg_dftb/_obj_x86_64-linux-ifort/dftb+ > tmp.out
frame: 2
/usr/gapps/polymers/dftb+_1.2_llnl/prg_dftb/_obj_x86_64-linux-ifort/dftb+ > tmp.out
frame: 3
/usr/gapps/polymers/dftb+_1.2_llnl/prg_dftb/_obj_x86_64-linux-ifort/dftb+ > tmp.out
frame: 4
/usr/gapps/polymers/dftb+_1.2_llnl/prg_dftb/_obj_x86_64-linux-ifort/dftb+ > tmp.out
frame: 5
/usr/gapps/polymers/dftb+_1.2_llnl/prg_dftb/_obj_x86_64-linux-ifort/dftb+ > tmp.out
frame: 6
/usr/gapps/polymers/dftb+_1.2_llnl/prg_dftb/_obj_x86_64-linux-ifort/dftb+ > tmp.out
frame: 7
/usr/gapps/polymers/dftb+_1.2_llnl/prg_dftb/_obj_x86_64-linux-ifort/dftb+ > tmp.out
frame: 8
/usr/gapps/polymers/dftb+_1.2_llnl/prg_dftb/_obj_x86_64-linux-ifort/dftb+ > tmp.out
frame: 9
/usr/gapps/polymers/dftb+_1.2_llnl/prg_dftb/_obj_x86_64-linux-ifort/dftb+ > tmp.out
frame: 10
/usr/gapps/polymers/dftb+_1.2_llnl/prg_dftb/_obj_x86_64-linux-ifort/dftb+ > tmp.out
frame: 11
/usr/gapps/polymers/dftb+_1.2_llnl/prg_dftb/_obj_x86_64-linux-ifort/dftb+ > tmp.out
frame: 12
/usr/gapps/polymers/dftb+_1.2_llnl/prg_dftb/_obj_x86_64-linux-ifort/dftb+ > tmp.out
frame: 13
/usr/gapps/polymers/dftb+_1.2_llnl/prg_dftb/_obj_x86_64-linux-ifort/dftb+ > tmp.out
frame: 14
/usr/gapps/polymers/dftb+_1.2_llnl/prg_dftb/_obj_x86_64-linux-ifort/dftb+ > tmp.out
frame: 15
/usr/gapps/polymers/dftb+_1.2_llnl/prg_dftb/_obj_x86_64-linux-ifort/dftb+ > tmp.out
frame: 16
/usr/gapps/polymers/dftb+_1.2_llnl/prg_dftb/_obj_x86_64-linux-ifort/dftb+ > tmp.out
frame: 17
/usr/gapps/polymers/dftb+_1.2_llnl/prg_dftb/_obj_x86_64-linux-ifort/dftb+ > tmp.out
frame: 18
/usr/gapps/polymers/dftb+_1.2_llnl/prg_dftb/_obj_x86_64-linux-ifort/dftb+ > tmp.out
frame: 19
/usr/gapps/polymers/dftb+_1.2_llnl/prg_dftb/_obj_x86_64-linux-ifort/dftb+ > tmp.out
frame: 20
/usr/gapps/polymers/dftb+_1.2_llnl/prg_dftb/_obj_x86_64-linux-ifort/dftb+ > tmp.out
frame: 21
/usr/gapps/polymers/dftb+_1.2_llnl/prg_dftb/_obj_x86_64-linux-ifort/dftb+ > tmp.out
frame: 22
/usr/gapps/polymers/dftb+_1.2_llnl/prg_dftb/_obj_x86_64-linux-ifort/dftb+ > tmp.out
frame: 23
/usr/gapps/polymers/dftb+_1.2_llnl/prg_dftb/_obj_x86_64-linux-ifort/dftb+ > tmp.out
frame: 24
/usr/gapps/polymers/dftb+_1.2_llnl/prg_dftb/_obj_x86_64-linux-ifort/dftb+ > tmp.out
frame: 25
/usr/gapps/polymers/dftb+_1.2_llnl/prg_dftb/_obj_x86_64-linux-ifort/dftb+ > tmp.out
frame: 26
/usr/gapps/polymers/dftb+_1.2_llnl/prg_dftb/_obj_x86_64-linux-ifort/dftb+ > tmp.out
frame: 27
/usr/gapps/polymers/dftb+_1.2_llnl/prg_dftb/_obj_x86_64-linux-ifort/dftb+ > tmp.out
frame: 28
/usr/gapps/polymers/dftb+_1.2_llnl/prg_dftb/_obj_x86_64-linux-ifort/dftb+ > tmp.out
frame: 29
/usr/gapps/polymers/dftb+_1.2_llnl/prg_dftb/_obj_x86_64-linux-ifort/dftb+ > tmp.out
frame: 30
/usr/gapps/polymers/dftb+_1.2_llnl/prg_dftb/_obj_x86_64-linux-ifort/dftb+ > tmp.out
frame: 31
/usr/gapps/polymers/dftb+_1.2_llnl/prg_dftb/_obj_x86_64-linux-ifort/dftb+ > tmp.out
frame: 32
/usr/gapps/polymers/dftb+_1.2_llnl/prg_dftb/_obj_x86_64-linux-ifort/dftb+ > tmp.out
frame: 33
/usr/gapps/polymers/dftb+_1.2_llnl/prg_dftb/_obj_x86_64-linux-ifort/dftb+ > tmp.out
frame: 34
/usr/gapps/polymers/dftb+_1.2_llnl/prg_dftb/_obj_x86_64-linux-ifort/dftb+ > tmp.out
frame: 35
/usr/gapps/polymers/dftb+_1.2_llnl/prg_dftb/_obj_x86_64-linux-ifort/dftb+ > tmp.out
frame: 36
/usr/gapps/polymers/dftb+_1.2_llnl/prg_dftb/_obj_x86_64-linux-ifort/dftb+ > tmp.out
frame: 37
/usr/gapps/polymers/dftb+_1.2_llnl/prg_dftb/_obj_x86_64-linux-ifort/dftb+ > tmp.out
frame: 38
/usr/gapps/polymers/dftb+_1.2_llnl/prg_dftb/_obj_x86_64-linux-ifort/dftb+ > tmp.out
frame: 39
/usr/gapps/polymers/dftb+_1.2_llnl/prg_dftb/_obj_x86_64-linux-ifort/dftb+ > tmp.out
frame: 40
/usr/gapps/polymers/dftb+_1.2_llnl/prg_dftb/_obj_x86_64-linux-ifort/dftb+ > tmp.out
frame: 41
/usr/gapps/polymers/dftb+_1.2_llnl/prg_dftb/_obj_x86_64-linux-ifort/dftb+ > tmp.out
frame: 42
/usr/gapps/polymers/dftb+_1.2_llnl/prg_dftb/_obj_x86_64-linux-ifort/dftb+ > tmp.out
frame: 43
/usr/gapps/polymers/dftb+_1.2_llnl/prg_dftb/_obj_x86_64-linux-ifort/dftb+ > tmp.out
frame: 44
/usr/gapps/polymers/dftb+_1.2_llnl/prg_dftb/_obj_x86_64-linux-ifort/dftb+ > tmp.out
frame: 45
/usr/gapps/polymers/dftb+_1.2_llnl/prg_dftb/_obj_x86_64-linux-ifort/dftb+ > tmp.out
frame: 46
/usr/gapps/polymers/dftb+_1.2_llnl/prg_dftb/_obj_x86_64-linux-ifort/dftb+ > tmp.out
frame: 47
/usr/gapps/polymers/dftb+_1.2_llnl/prg_dftb/_obj_x86_64-linux-ifort/dftb+ > tmp.out
frame: 48
/usr/gapps/polymers/dftb+_1.2_llnl/prg_dftb/_obj_x86_64-linux-ifort/dftb+ > tmp.out
frame: 49
/usr/gapps/polymers/dftb+_1.2_llnl/prg_dftb/_obj_x86_64-linux-ifort/dftb+ > tmp.out
frame: 50
/usr/gapps/polymers/dftb+_1.2_llnl/prg_dftb/_obj_x86_64-linux-ifort/dftb+ > tmp.out
frame: 51
/usr/gapps/polymers/dftb+_1.2_llnl/prg_dftb/_obj_x86_64-linux-ifort/dftb+ > tmp.out
frame: 52
/usr/gapps/polymers/dftb+_1.2_llnl/prg_dftb/_obj_x86_64-linux-ifort/dftb+ > tmp.out
frame: 53
/usr/gapps/polymers/dftb+_1.2_llnl/prg_dftb/_obj_x86_64-linux-ifort/dftb+ > tmp.out
frame: 54
/usr/gapps/polymers/dftb+_1.2_llnl/prg_dftb/_obj_x86_64-linux-ifort/dftb+ > tmp.out
frame: 55
/usr/gapps/polymers/dftb+_1.2_llnl/prg_dftb/_obj_x86_64-linux-ifort/dftb+ > tmp.out
frame: 56
/usr/gapps/polymers/dftb+_1.2_llnl/prg_dftb/_obj_x86_64-linux-ifort/dftb+ > tmp.out
frame: 57
/usr/gapps/polymers/dftb+_1.2_llnl/prg_dftb/_obj_x86_64-linux-ifort/dftb+ > tmp.out
frame: 58
/usr/gapps/polymers/dftb+_1.2_llnl/prg_dftb/_obj_x86_64-linux-ifort/dftb+ > tmp.out
frame: 59
/usr/gapps/polymers/dftb+_1.2_llnl/prg_dftb/_obj_x86_64-linux-ifort/dftb+ > tmp.out
frame: 60
/usr/gapps/polymers/dftb+_1.2_llnl/prg_dftb/_obj_x86_64-linux-ifort/dftb+ > tmp.out
frame: 61
/usr/gapps/polymers/dftb+_1.2_llnl/prg_dftb/_obj_x86_64-linux-ifort/dftb+ > tmp.out
frame: 62
/usr/gapps/polymers/dftb+_1.2_llnl/prg_dftb/_obj_x86_64-linux-ifort/dftb+ > tmp.out
frame: 63
/usr/gapps/polymers/dftb+_1.2_llnl/prg_dftb/_obj_x86_64-linux-ifort/dftb+ > tmp.out
