 1.95000 367.94387
 1.99091 214.47688
 2.03182 107.16022
 2.07273 38.12536
 2.11364 -3.26345
 2.15455 -26.40672
 2.19545 -38.31063
 2.23636 -43.66654
 2.27727 -45.35938
 2.31818 -45.02984
 2.35909 -43.54286
 2.40000 -41.32575
 2.44091 -38.58741
 2.48182 -35.44629
 2.52273 -31.99582
 2.56364 -28.33096
 2.60455 -24.55337
 2.64545 -20.76665
 2.68636 -17.06862
 2.72727 -13.54433
 2.76818 -10.26137
 2.80909 -7.26785
 2.85000 -4.59258
 2.89091 -2.24695
 2.93182 -0.22780
 2.97273  1.47929
 3.01364  2.89664
 3.05455  4.05150
 3.09545  4.97347
 3.13636  5.69245
 3.17727  6.23717
 3.21818  6.63418
 3.25909  6.90726
 3.30000  7.07715
 3.34091  7.16155
 3.38182  7.17531
 3.42273  7.13068
 3.46364  7.03768
 3.50455  6.90448
 3.54545  6.73768
 3.58636  6.54272
 3.62727  6.32411
 3.66818  6.08566
 3.70909  5.83071
 3.75000  5.56225
 3.79091  5.28302
 3.83182  4.99561
 3.87273  4.70246
 3.91364  4.40592
 3.95455  4.10826
 3.99545  3.81163
 4.03636  3.51807
 4.07727  3.22949
 4.11818  2.94767
 4.15909  2.67420
 4.20000  2.41051
 4.24091  2.15786
 4.28182  1.91730
 4.32273  1.68967
 4.36364  1.47565
 4.40455  1.27571
 4.44545  1.09015
 4.48636  0.91909
 4.52727  0.76250
 4.56818  0.62019
 4.60909  0.49188
 4.65000  0.37714
 4.69091  0.27545
 4.73182  0.18623
 4.77273  0.10881
 4.81364  0.04249
 4.85455 -0.01349
 4.89545 -0.05989
 4.93636 -0.09749
 4.97727 -0.12708
 5.01818 -0.14944
 5.05909 -0.16534
 5.10000 -0.17551
 5.14091 -0.18067
 5.18182 -0.18150
 5.22273 -0.17865
 5.26364 -0.17273
 5.30455 -0.16430
 5.34545 -0.15390
 5.38636 -0.14202
 5.42727 -0.12909
 5.46818 -0.11553
 5.50909 -0.10169
 5.55000 -0.08791
 5.59091 -0.07447
 5.63182 -0.06163
 5.67273 -0.04960
 5.71364 -0.03858
 5.75455 -0.02872
 5.79545 -0.02017
 5.83636 -0.01303
 5.87727 -0.00738
 5.91818 -0.00330
 5.95909 -0.00083
 6.00000  0.00000
