 0.75000 -765.84839
 0.80303 -508.08835
 0.85606 -326.75079
 0.90909 -195.97527
 0.96212 -100.71790
 1.01515 -31.67808
 1.06818 17.29653
 1.12121 50.58565
 1.17424 71.53877
 1.22727 82.87120
 1.28030 86.86581
 1.33333 85.46758
 1.38636 80.32371
 1.43939 72.80104
 1.49242 63.99870
 1.54545 54.76459
 1.59848 45.71861
 1.65152 37.28181
 1.70455 29.70943
 1.75758 23.12490
 1.81061 17.55263
 1.86364 12.94744
 1.91667  9.21976
 1.96970  6.25602
 2.02273  3.93413
 2.07576  2.13468
 2.12879  0.74820
 2.18182 -0.32065
 2.23485 -1.15127
 2.28788 -1.80708
 2.34091 -2.33665
 2.39394 -2.77552
 2.44697 -3.14836
 2.50000 -3.47116
 2.55303 -3.75338
 2.60606 -3.99979
 2.65909 -4.21205
 2.71212 -4.39001
 2.76515 -4.53268
 2.81818 -4.63895
 2.87121 -4.70804
 2.92424 -4.73981
 2.97727 -4.73490
 3.03030 -4.69473
 3.08333 -4.62145
 3.13636 -4.51786
 3.18939 -4.38722
 3.24242 -4.23315
 3.29545 -4.05945
 3.34848 -3.86998
 3.40152 -3.66854
 3.45455 -3.45879
 3.50758 -3.24412
 3.56061 -3.02766
 3.61364 -2.81217
 3.66667 -2.60009
 3.71970 -2.39346
 3.77273 -2.19401
 3.82576 -2.00308
 3.87879 -1.82171
 3.93182 -1.65065
 3.98485 -1.49037
 4.03788 -1.34112
 4.09091 -1.20294
 4.14394 -1.07569
 4.19697 -0.95912
 4.25000 -0.85283
 4.30303 -0.75636
 4.35606 -0.66917
 4.40909 -0.59068
 4.46212 -0.52028
 4.51515 -0.45735
 4.56818 -0.40129
 4.62121 -0.35148
 4.67424 -0.30735
 4.72727 -0.26833
 4.78030 -0.23389
 4.83333 -0.20355
 4.88636 -0.17685
 4.93939 -0.15336
 4.99242 -0.13272
 5.04545 -0.11457
 5.09848 -0.09861
 5.15152 -0.08456
 5.20455 -0.07219
 5.25758 -0.06129
 5.31061 -0.05168
 5.36364 -0.04320
 5.41667 -0.03572
 5.46970 -0.02914
 5.52273 -0.02336
 5.57576 -0.01832
 5.62879 -0.01395
 5.68182 -0.01022
 5.73485 -0.00709
 5.78788 -0.00454
 5.84091 -0.00256
 5.89394 -0.00114
 5.94697 -0.00029
 6.00000  0.00000
