Reading positions from input.xyz
v.c.o.m. = 6.96396867455082e-14   -5.22171506391837e-14   1.88826311419191e-14
v.c.o.m. = 1.54069251266328e-18   3.08138502532655e-18   4.71837082003128e-18
Option 3b_cheby is set to true
pair type: 0
Cheby minimum = 0.75
Cheby maximum = 6
Cheby order    = 10
Morse lambda value= 1.25
3 Body Cheby order = 2
pair type: 1
Cheby minimum = 0.75
Cheby maximum = 6
Cheby order    = 10
Morse lambda value= 1.25
3 Body Cheby order = 2
pair type: 2
Cheby minimum = 0.75
Cheby maximum = 6
Cheby order    = 10
Morse lambda value= 1.25
3 Body Cheby order = 2
Total number of 2-Body potential parameters: 30
Option coulomb is set to true
Option fit_coulomb is set to true
Option overcoord is set to false
Option fit_pover is set to false
Number of 3-Body Chebyshev parameter =16
Potential parameters read in:
Number of 2 body parameters = 30
Number of chebyshev 3 body parameters = 16
Fit coulomb parameters = 3
Fit overcoordination parameters = 0
0 -15.3793733239
1 -16.7564441199
2 24.2088844546
3 1.30528488549
4 -18.4911766934
5 -5.26645310638
6 30.9671205105
7 -6.9274722405
8 -18.1045242347
9 -15.8320104996
10 0.414532014863
11 17.3081652256
12 31.7468411406
13 12.7240859483
14 3.33217408321
15 2.1606563404
16 -1.30146425686
17 0.411983973583
18 0.587638518147
19 0.379160708861
20 -50.0625638114
21 -70.3982840239
22 -76.866886565
23 -79.3483877344
24 -58.6541919262
25 -43.5723248373
26 -29.1352711903
27 -18.4052550295
28 -9.0316519246
29 -3.05070210659
30 559.744163074
31 6.07934793642e-14
32 4.9261198041e-14
33 -116.785432108
34 1137.89266282
35 -340.545967719
36 -2.65138311546e-13
37 1429.33892097
38 -87.8076884471
39 2.30864215217e-13
40 55.815521087
41 -230.611643838
42 -12.866920807
43 0
44 0
45 41.4986130996
46 80.1136663641
47 -40.0568342264
48 20.0284174574
JOB PARAMETERS:

Temperature is 2000.00000
Time step is  0.12500 fs
Number of steps is 1000
Number of layers is 1
Chebyshev short-range pair forces will be used
Force parameters will be read from params.3b.txt
XYZ coordinates will be read from input.xyz
Coulomb forces will be calculated with Ewald sums
ReaxFF overcoordination term will NOT be calculated
3-Body Chebyshev polynomial will be calculated
Charges will be taken from params.txt
Pressures will be calculated by finite difference of the energy
Velocities will be read from input.xyz
Random number seed = 12357
Trajectory will be written to traj.gen every 20 steps
Energies will be written every 10 steps
Nose-Hoover thermostat time = 10.00000 fs

END OF JOB PARAMETERS

Q[H] from params file =      0.24559 e
Charge equation 1 error =     -0.00000
Charge sum per atom =   0.00000e+00
Total Mass                   = 576.48000 au
Volume                       = 638.08412 Ang.^3
Number density               =  0.24983 mol atm/cc
Mass density                 =  1.50023 g/cc
Requested Ewald accuracy  =  1.000000e-07
Ewald alpha               =  5.853127e-01
R-Space Ewald cutoff      =  6.173215e+00
R-Space accuracy estimate =  5.220777e-08
K-Space accuracy estimate =  5.489244e-07
Cutting off K-vectors with magnitude less than 6
Number of Ewald K-vectors = 894
K-space accuracy estimate = 6.6261033015771e-08
3-Body Cheby Parameters
ele: O O O pow: 0 1 1 param:  5.5974e+02
ele: O O O pow: 1 0 1 param:  5.5974e+02
ele: O O O pow: 1 1 0 param:  5.5974e+02
ele: O O O pow: 1 1 1 param: -1.1679e+02
ele: O O H pow: 0 1 1 param:  1.1379e+03
ele: O O H pow: 1 0 1 param: -3.4055e+02
ele: O O H pow: 1 1 0 param: -3.4055e+02
ele: O O H pow: 1 1 1 param:  1.4293e+03
ele: O H O pow: 0 1 1 param: -3.4055e+02
ele: O H O pow: 1 0 1 param:  1.1379e+03
ele: O H O pow: 1 1 0 param: -3.4055e+02
ele: O H O pow: 1 1 1 param:  1.4293e+03
ele: O H H pow: 0 1 1 param: -8.7808e+01
ele: O H H pow: 1 0 1 param: -8.7808e+01
ele: O H H pow: 1 1 0 param:  5.5816e+01
ele: O H H pow: 1 1 1 param: -2.3061e+02
ele: H O O pow: 0 1 1 param: -3.4055e+02
ele: H O O pow: 1 0 1 param: -3.4055e+02
ele: H O O pow: 1 1 0 param:  1.1379e+03
ele: H O O pow: 1 1 1 param:  1.4293e+03
ele: H O H pow: 0 1 1 param: -8.7808e+01
ele: H O H pow: 1 0 1 param:  5.5816e+01
ele: H O H pow: 1 1 0 param: -8.7808e+01
ele: H O H pow: 1 1 1 param: -2.3061e+02
ele: H H O pow: 0 1 1 param:  5.5816e+01
ele: H H O pow: 1 0 1 param: -8.7808e+01
ele: H H O pow: 1 1 0 param: -8.7808e+01
ele: H H O pow: 1 1 1 param: -2.3061e+02
ele: H H H pow: 0 1 1 param: -1.2867e+01
ele: H H H pow: 1 0 1 param: -1.2867e+01
ele: H H H pow: 1 1 0 param: -1.2867e+01
ele: H H H pow: 1 1 1 param:  4.1499e+01
    Step      Time          Ktot/N          Vtot/N          Etot/N               T               P         Econs/N
              (fs)      (kcal/mol)      (kcal/mol)      (kcal/mol)             (K)           (GPa)      (kcal/mol)
      10      1.25       3.8877540     -15.8307507     -11.9429968          1318.1          22.851    -11.9593593
      20      2.50       3.8108586     -15.6971098     -11.8862512          1292.1          23.254    -11.9591195
      30      3.75       3.9772902     -15.7637076     -11.7864174          1348.5          21.388    -11.9592088
      40      5.00       4.1447205     -15.7848417     -11.6401212          1405.3          18.506    -11.9590799
      50      6.25       4.3253671     -15.7742363     -11.4488693          1466.5          16.238    -11.9588905
      60      7.50       4.5905628     -15.8008287     -11.2102659          1556.4          15.487    -11.9587161
      70      8.75       4.9294420     -15.8525216     -10.9230796          1671.3          16.541    -11.9585785
      80     10.00       5.3321153     -15.9189587     -10.5868434          1807.8          19.080    -11.9584129
      90     11.25       5.7288713     -15.9366442     -10.2077729          1942.4          21.566    -11.9582743
     100     12.50       6.1430216     -15.9388851      -9.7958635          2082.8          22.450    -11.9582579
     110     13.75       6.3871911     -15.7543264      -9.3671353          2165.6          21.426    -11.9583228
     120     15.00       6.4494490     -15.3950890      -8.9456400          2186.7          18.883    -11.9581911
     130     16.25       6.5516597     -15.0896053      -8.5379456          2221.3          16.925    -11.9583908
     140     17.50       6.6095470     -14.7572374      -8.1476904          2240.9          17.134    -11.9580689
     150     18.75       6.8936656     -14.6689059      -7.7752403          2337.3          19.239    -11.9581497
     160     20.00       7.2660397     -14.6860780      -7.4200383          2463.5          22.296    -11.9584250
     170     21.25       7.3848484     -14.4889630      -7.1041146          2503.8          25.026    -11.9576982
     180     22.50       7.7366322     -14.5777210      -6.8410888          2623.1          25.283    -11.9580096
     190     23.75       7.8303171     -14.4727921      -6.6424750          2654.8          23.978    -11.9585117
     200     25.00       7.2175781     -13.7413494      -6.5237714          2447.1          22.305    -11.9572181
     210     26.25       7.3412273     -13.8079744      -6.4667471          2489.0          20.013    -11.9582266
     220     27.50       7.4773936     -13.9404349      -6.4630414          2535.2          19.548    -11.9581439
     230     28.75       7.3413247     -13.8621736      -6.5208489          2489.0          21.943    -11.9584181
     240     30.00       7.3782002     -14.0119657      -6.6337655          2501.5          25.023    -11.9585731
     250     31.25       7.4446868     -14.2512278      -6.8065411          2524.1          26.597    -11.9581406
     260     32.50       7.4858511     -14.5275404      -7.0416894          2538.0          26.645    -11.9586545
     270     33.75       7.1563104     -14.4912130      -7.3349027          2426.3          25.249    -11.9588711
     280     35.00       6.4290066     -14.0755493      -7.6465427          2179.7          23.246    -11.9578988
     290     36.25       6.0638688     -14.0162345      -7.9523657          2055.9          20.926    -11.9580261
     300     37.50       5.8932364     -14.1448518      -8.2516153          1998.1          19.478    -11.9581602
     310     38.75       5.8138769     -14.3588846      -8.5450077          1971.2          19.943    -11.9585289
     320     40.00       5.8186884     -14.6533699      -8.8346815          1972.8          22.059    -11.9591052
     330     41.25       5.5842845     -14.7011827      -9.1168982          1893.3          24.930    -11.9592631
     340     42.50       5.4799104     -14.8561150      -9.3762046          1857.9          26.017    -11.9590051
     350     43.75       5.8522301     -15.4891490      -9.6369188          1984.2          24.041    -11.9603557
     360     45.00       5.6801268     -15.5792484      -9.8991215          1925.8          21.548    -11.9604349
     370     46.25       5.0741278     -15.2081420     -10.1340142          1720.4          19.738    -11.9598447
     380     47.50       4.7336547     -15.0598771     -10.3262224          1604.9          18.372    -11.9599071
     390     48.75       4.6549734     -15.1383974     -10.4834240          1578.2          17.782    -11.9602952
     400     50.00       4.5450874     -15.1524590     -10.6073716          1541.0          18.642    -11.9606841
     410     51.25       4.2617807     -14.9549837     -10.6932030          1444.9          20.362    -11.9601172
     420     52.50       4.3766701     -15.1168296     -10.7401596          1483.9          21.382    -11.9601773
     430     53.75       4.8348907     -15.5905270     -10.7556363          1639.2          21.911    -11.9612008
     440     55.00       4.5326541     -15.2741179     -10.7414638          1536.8          22.794    -11.9604294
     450     56.25       4.3223189     -15.0197297     -10.6974108          1465.5          22.737    -11.9599783
     460     57.50       4.7714088     -15.3871833     -10.6157745          1617.7          21.108    -11.9604844
     470     58.75       5.0437592     -15.5399753     -10.4962160          1710.1          19.537    -11.9604279
     480     60.00       4.8696146     -15.2217566     -10.3521420          1651.0          19.513    -11.9600755
     490     61.25       4.8734503     -15.0600779     -10.1866276          1652.3          19.978    -11.9598715
     500     62.50       5.4908335     -15.4746929      -9.9838593          1861.6          19.560    -11.9597779
     510     63.75       6.2238890     -15.9638230      -9.7399340          2110.2          19.162    -11.9600379
     520     65.00       6.3757800     -15.8609527      -9.4851727          2161.7          20.374    -11.9599547
     530     66.25       6.1691985     -15.4177348      -9.2485363          2091.6          22.417    -11.9595691
     540     67.50       6.3539723     -15.3785216      -9.0245493          2154.3          22.897    -11.9598672
     550     68.75       6.6854951     -15.4906630      -8.8051679          2266.7          21.916    -11.9603044
     560     70.00       6.5174660     -15.1252425      -8.6077765          2209.7          21.046    -11.9598821
     570     71.25       6.2332704     -14.6724200      -8.4391496          2113.4          20.044    -11.9596311
     580     72.50       6.2089434     -14.4962692      -8.2873258          2105.1          19.008    -11.9598277
     590     73.75       6.3761227     -14.5200163      -8.1438936          2161.8          18.651    -11.9597197
     600     75.00       6.7052290     -14.7171704      -8.0119414          2273.4          19.322    -11.9597727
     610     76.25       6.7834912     -14.6864151      -7.9029239          2299.9          21.492    -11.9596528
     620     77.50       6.6793454     -14.5049624      -7.8256170          2264.6          24.280    -11.9594628
     630     78.75       6.6322424     -14.4093056      -7.7770632          2248.6          25.800    -11.9595236
     640     80.00       6.3737215     -14.1276730      -7.7539514          2161.0          25.793    -11.9594081
     650     81.25       6.0590538     -13.8066261      -7.7475723          2054.3          24.071    -11.9593671
     660     82.50       5.8625585     -13.6093474      -7.7467888          1987.7          22.132    -11.9592789
     670     83.75       5.8065561     -13.5520689      -7.7455128          1968.7          21.803    -11.9594197
     680     85.00       5.7580644     -13.4996077      -7.7415433          1952.2          23.041    -11.9596277
     690     86.25       5.7929623     -13.5250911      -7.7321288          1964.1          24.083    -11.9587153
     700     87.50       6.6758881     -14.4004334      -7.7245453          2263.4          23.860    -11.9604970
     710     88.75       6.6574856     -14.3951494      -7.7376639          2257.2          23.176    -11.9596078
     720     90.00       6.3911018     -14.1677679      -7.7766661          2166.9          22.258    -11.9595026
     730     91.25       6.2685808     -14.1002704      -7.8316896          2125.3          20.897    -11.9594767
     740     92.50       6.1174662     -14.0152307      -7.8977645          2074.1          19.529    -11.9596053
     750     93.75       5.9728704     -13.9415159      -7.9686455          2025.1          19.192    -11.9593215
     760     95.00       5.9826758     -14.0246818      -8.0420060          2028.4          19.992    -11.9594497
     770     96.25       6.0736203     -14.1928097      -8.1191894          2059.2          21.535    -11.9597993
     780     97.50       6.0056309     -14.2070372      -8.2014062          2036.2          23.059    -11.9597113
     790     98.75       6.1003139     -14.3879473      -8.2876334          2068.3          23.148    -11.9600628
     800    100.00       6.1673437     -14.5492395      -8.3818958          2091.0          22.062    -11.9601821
     810    101.25       6.0944844     -14.5779199      -8.4834355          2066.3          20.768    -11.9598105
     820    102.50       6.1951208     -14.7882085      -8.5930877          2100.4          19.761    -11.9603440
     830    103.75       6.0495673     -14.7607541      -8.7111868          2051.1          19.754    -11.9601662
     840    105.00       5.9303517     -14.7608184      -8.8304667          2010.7          20.492    -11.9601881
     850    106.25       5.9317447     -14.8834289      -8.9516843          2011.1          21.657    -11.9606770
     860    107.50       5.5174772     -14.5850963      -9.0676190          1870.7          23.048    -11.9601776
     870    108.75       5.0954065     -14.2588292      -9.1634227          1727.6          23.401    -11.9598451
     880    110.00       5.2164811     -14.4533461      -9.2368650          1768.6          22.321    -11.9605005
     890    111.25       5.2345748     -14.5267928      -9.2922181          1774.8          21.529    -11.9604239
     900    112.50       5.0749507     -14.4026590      -9.3277083          1720.6          21.553    -11.9602005
     910    113.75       5.0551284     -14.3962957      -9.3411674          1713.9          22.143    -11.9603038
     920    115.00       4.9945779     -14.3265072      -9.3319293          1693.4          23.051    -11.9603661
     930    116.25       4.9092341     -14.2078670      -9.2986329          1664.5          23.604    -11.9599492
     940    117.50       5.2486176     -14.4884508      -9.2398332          1779.5          23.499    -11.9602540
     950    118.75       5.5246771     -14.6826319      -9.1579548          1873.1          23.495    -11.9609513
     960    120.00       5.2237501     -14.2868337      -9.0630836          1771.1          23.753    -11.9598861
     970    121.25       5.3757196     -14.3297358      -8.9540162          1822.6          23.313    -11.9602704
     980    122.50       5.6177579     -14.4420273      -8.8242695          1904.7          22.680    -11.9599617
     990    123.75       5.8460421     -14.5267580      -8.6807159          1982.1          22.420    -11.9599959
    1000    125.00       5.8760586     -14.4070904      -8.5310318          1992.3          22.765    -11.9597578
Average temperature over run =  1983.41 K
Average pressure over run    =  21.6074 GPa
