 0.75000 30.88508
 0.80303  9.90211
 0.85606 10.40853
 0.90909 30.70010
 0.96212 47.61068
 1.01515 49.17647
 1.06818 35.72723
 1.12121 13.73577
 1.17424 -9.46504
 1.22727 -28.45553
 1.28030 -40.48712
 1.33333 -45.11523
 1.38636 -43.41354
 1.43939 -37.18782
 1.49242 -28.37608
 1.54545 -18.67653
 1.59848 -9.37265
 1.65152 -1.29849
 1.70455  5.11208
 1.75758  9.73722
 1.81061 12.67055
 1.86364 14.13422
 1.91667 14.40972
 1.96970 13.78851
 2.02273 12.54048
 2.07576 10.89703
 2.12879  9.04459
 2.18182  7.12520
 2.23485  5.24121
 2.28788  3.46179
 2.34091  1.82995
 2.39394  0.36908
 2.44697 -0.91147
 2.50000 -2.01188
 2.55303 -2.93845
 2.60606 -3.70116
 2.65909 -4.31197
 2.71212 -4.78372
 2.76515 -5.12945
 2.81818 -5.36206
 2.87121 -5.49409
 2.92424 -5.53761
 2.97727 -5.50422
 3.03030 -5.40497
 3.08333 -5.25037
 3.13636 -5.05035
 3.18939 -4.81421
 3.24242 -4.55059
 3.29545 -4.26741
 3.34848 -3.97183
 3.40152 -3.67027
 3.45455 -3.36831
 3.50758 -3.07076
 3.56061 -2.78165
 3.61364 -2.50425
 3.66667 -2.24110
 3.71970 -1.99412
 3.77273 -1.76459
 3.82576 -1.55326
 3.87879 -1.36042
 3.93182 -1.18594
 3.98485 -1.02936
 4.03788 -0.88996
 4.09091 -0.76680
 4.14394 -0.65879
 4.19697 -0.56475
 4.25000 -0.48342
 4.30303 -0.41353
 4.35606 -0.35384
 4.40909 -0.30311
 4.46212 -0.26020
 4.51515 -0.22403
 4.56818 -0.19359
 4.62121 -0.16799
 4.67424 -0.14643
 4.72727 -0.12818
 4.78030 -0.11265
 4.83333 -0.09930
 4.88636 -0.08771
 4.93939 -0.07752
 4.99242 -0.06843
 5.04545 -0.06024
 5.09848 -0.05278
 5.15152 -0.04592
 5.20455 -0.03959
 5.25758 -0.03374
 5.31061 -0.02835
 5.36364 -0.02341
 5.41667 -0.01894
 5.46970 -0.01494
 5.52273 -0.01142
 5.57576 -0.00841
 5.62879 -0.00590
 5.68182 -0.00389
 5.73485 -0.00235
 5.78788 -0.00125
 5.84091 -0.00055
 5.89394 -0.00017
 5.94697 -0.00002
 6.00000  0.00000
