 0.75000 -286.27514
 0.80303 -6.27630
 0.85606 57.34764
 0.90909 58.40810
 0.96212 48.14267
 1.01515 39.59349
 1.06818 33.85555
 1.12121 29.59496
 1.17424 25.79916
 1.22727 22.13569
 1.28030 18.68135
 1.33333 15.63117
 1.38636 13.13246
 1.43939 11.23094
 1.49242  9.88149
 1.54545  8.98338
 1.59848  8.41626
 1.65152  8.06651
 1.70455  7.84180
 1.75758  7.67596
 1.81061  7.52746
 1.86364  7.37450
 1.91667  7.20913
 1.96970  7.03178
 2.02273  6.84685
 2.07576  6.65976
 2.12879  6.47509
 2.18182  6.29577
 2.23485  6.12295
 2.28788  5.95619
 2.34091  5.79400
 2.39394  5.63427
 2.44697  5.47474
 2.50000  5.31337
 2.55303  5.14852
 2.60606  4.97912
 2.65909  4.80470
 2.71212  4.62531
 2.76515  4.44148
 2.81818  4.25412
 2.87121  4.06436
 2.92424  3.87348
 2.97727  3.68281
 3.03030  3.49365
 3.08333  3.30718
 3.13636  3.12448
 3.18939  2.94643
 3.24242  2.77379
 3.29545  2.60710
 3.34848  2.44678
 3.40152  2.29309
 3.45455  2.14615
 3.50758  2.00599
 3.56061  1.87257
 3.61364  1.74575
 3.66667  1.62537
 3.71970  1.51122
 3.77273  1.40307
 3.82576  1.30070
 3.87879  1.20385
 3.93182  1.11230
 3.98485  1.02582
 4.03788  0.94420
 4.09091  0.86723
 4.14394  0.79472
 4.19697  0.72649
 4.25000  0.66239
 4.30303  0.60224
 4.35606  0.54591
 4.40909  0.49326
 4.46212  0.44414
 4.51515  0.39843
 4.56818  0.35600
 4.62121  0.31672
 4.67424  0.28048
 4.72727  0.24715
 4.78030  0.21661
 4.83333  0.18873
 4.88636  0.16339
 4.93939  0.14047
 4.99242  0.11983
 5.04545  0.10137
 5.09848  0.08494
 5.15152  0.07043
 5.20455  0.05770
 5.25758  0.04665
 5.31061  0.03713
 5.36364  0.02903
 5.41667  0.02222
 5.46970  0.01659
 5.52273  0.01202
 5.57576  0.00839
 5.62879  0.00558
 5.68182  0.00349
 5.73485  0.00201
 5.78788  0.00102
 5.84091  0.00043
 5.89394  0.00013
 5.94697  0.00002
 6.00000  0.00000
