 0.75000 -380.30073
 0.77273 -443.59406
 0.79545 -421.39177
 0.81818 -365.39850
 0.84091 -301.39470
 0.86364 -240.77828
 0.88636 -187.48201
 0.90909 -141.94849
 0.93182 -103.28412
 0.95455 -70.32542
 0.97727 -42.08671
 1.00000 -17.88044
 1.02273  2.71586
 1.04545 19.94732
 1.06818 33.97295
 1.09091 44.93739
 1.11364 53.01663
 1.13636 58.43919
 1.15909 61.48840
 1.18182 62.49185
 1.20455 61.80396
 1.22727 59.78621
 1.25000 56.78845
 1.27273 53.13323
 1.29545 49.10434
 1.31818 44.93972
 1.34091 40.82847
 1.36364 36.91146
 1.38636 33.28457
 1.40909 30.00401
 1.43182 27.09265
 1.45455 24.54698
 1.47727 22.34392
 1.50000 20.44725
 1.52273 18.81321
 1.54545 17.39525
 1.56818 16.14776
 1.59091 15.02885
 1.61364 14.00222
 1.63636 13.03818
 1.65909 12.11403
 1.68182 11.21390
 1.70455 10.32814
 1.72727  9.45250
 1.75000  8.58709
 1.77273  7.73528
 1.79545  6.90267
 1.81818  6.09608
 1.84091  5.32265
 1.86364  4.58919
 1.88636  3.90154
 1.90909  3.26424
 1.93182  2.68027
 1.95455  2.15092
 1.97727  1.67590
 2.00000  1.25338
 2.02273  0.88024
 2.04545  0.55236
 2.06818  0.26485
 2.09091  0.01239
 2.11364 -0.21047
 2.13636 -0.40905
 2.15909 -0.58830
 2.18182 -0.75256
 2.20455 -0.90547
 2.22727 -1.04980
 2.25000 -1.18743
 2.27273 -1.31937
 2.29545 -1.44573
 2.31818 -1.56585
 2.34091 -1.67841
 2.36364 -1.78155
 2.38636 -1.87301
 2.40909 -1.95036
 2.43182 -2.01111
 2.45455 -2.05289
 2.47727 -2.07364
 2.50000 -2.07174
 2.52273 -2.04611
 2.54545 -1.99633
 2.56818 -1.92273
 2.59091 -1.82640
 2.61364 -1.70919
 2.63636 -1.57372
 2.65909 -1.42331
 2.68182 -1.26189
 2.70455 -1.09386
 2.72727 -0.92396
 2.75000 -0.75710
 2.77273 -0.59813
 2.79545 -0.45166
 2.81818 -0.32178
 2.84091 -0.21184
 2.86364 -0.12416
 2.88636 -0.05979
 2.90909 -0.01821
 2.93182  0.00292
 2.95455  0.00803
 2.97727  0.00392
 3.00000  0.00000
