 0.75000 27201.63520
 0.78283 -295.98444
 0.81566 -5728.85913
 0.84848 -3524.85970
 0.88131 -103.72518
 0.91414 2214.91063
 0.94697 3025.44215
 0.97980 2673.50718
 1.01263 1682.74385
 1.04545 507.31450
 1.07828 -546.09684
 1.11111 -1316.32425
 1.14394 -1754.70088
 1.17677 -1885.86451
 1.20960 -1773.57436
 1.24242 -1495.31275
 1.27525 -1125.74867
 1.30808 -727.55859
 1.34091 -347.65483
 1.37374 -16.98475
 1.40657 247.59397
 1.43939 440.46396
 1.47222 564.16713
 1.50505 626.54381
 1.53788 638.32744
 1.57071 611.28109
 1.60354 556.86716
 1.63636 485.38864
 1.66919 405.51522
 1.70202 324.10268
 1.73485 246.21988
 1.76768 175.30991
 1.80051 113.42656
 1.83333 61.50146
 1.86616 19.61080
 1.89899 -12.77919
 1.93182 -36.59934
 1.96465 -53.00265
 1.99747 -63.22778
 2.03030 -68.49840
 2.06313 -69.95402
 2.09596 -68.60729
 2.12879 -65.32213
 2.16162 -60.80784
 2.19444 -55.62457
 2.22727 -50.19618
 2.26010 -44.82762
 2.29293 -39.72409
 2.32576 -35.01043
 2.35859 -30.74938
 2.39141 -26.95792
 2.42424 -23.62128
 2.45707 -20.70456
 2.48990 -18.16183
 2.52273 -15.94302
 2.55556 -13.99885
 2.58838 -12.28408
 2.62121 -10.75937
 2.65404 -9.39213
 2.68687 -8.15653
 2.71970 -7.03307
 2.75253 -6.00765
 2.78535 -5.07065
 2.81818 -4.21582
 2.85101 -3.43928
 2.88384 -2.73863
 2.91667 -2.11215
 2.94949 -1.55822
 2.98232 -1.07491
 3.01515 -0.65962
 3.04798 -0.30903
 3.08081 -0.01900
 3.11364  0.21532
 3.14646  0.39937
 3.17929  0.53897
 3.21212  0.64018
 3.24495  0.70901
 3.27778  0.75127
 3.31061  0.77236
 3.34343  0.77713
 3.37626  0.76977
 3.40909  0.75375
 3.44192  0.73174
 3.47475  0.70567
 3.50758  0.67675
 3.54040  0.64557
 3.57323  0.61217
 3.60606  0.57623
 3.63889  0.53715
 3.67172  0.49431
 3.70455  0.44713
 3.73737  0.39536
 3.77020  0.33914
 3.80303  0.27927
 3.83586  0.21728
 3.86869  0.15564
 3.90152  0.09783
 3.93434  0.04849
 3.96717  0.01349
 4.00000  0.00000
