 0.90000 6486.90103
 0.93131 2789.05727
 0.96263 925.31032
 0.99394 59.88033
 1.02525 -286.27396
 1.05657 -379.32723
 1.08788 -361.35261
 1.11919 -304.10680
 1.15051 -240.92704
 1.18182 -185.15758
 1.21313 -140.44859
 1.24444 -106.26680
 1.27576 -80.66830
 1.30707 -61.56559
 1.33838 -47.20960
 1.36970 -36.29438
 1.40101 -27.90432
 1.43232 -21.41513
 1.46364 -16.39847
 1.49495 -12.54855
 1.52626 -9.63272
 1.55758 -7.46212
 1.58889 -5.87640
 1.62020 -4.73720
 1.65152 -3.92613
 1.68283 -3.34458
 1.71414 -2.91355
 1.74545 -2.57296
 1.77677 -2.28007
 1.80808 -2.00714
 1.83939 -1.73874
 1.87071 -1.46873
 1.90202 -1.19755
 1.93333 -0.92964
 1.96465 -0.67141
 1.99596 -0.42960
 2.02727 -0.21018
 2.05859 -0.01769
 2.08990  0.14516
 2.12121  0.27744
 2.15253  0.37986
 2.18384  0.45451
 2.21515  0.50442
 2.24646  0.53324
 2.27778  0.54484
 2.30909  0.54304
 2.34040  0.53138
 2.37172  0.51289
 2.40303  0.49006
 2.43434  0.46476
 2.46566  0.43830
 2.49697  0.41142
 2.52828  0.38445
 2.55960  0.35735
 2.59091  0.32986
 2.62222  0.30157
 2.65354  0.27206
 2.68485  0.24095
 2.71616  0.20797
 2.74747  0.17300
 2.77879  0.13614
 2.81010  0.09767
 2.84141  0.05804
 2.87273  0.01789
 2.90404 -0.02199
 2.93535 -0.06074
 2.96667 -0.09742
 2.99798 -0.13110
 3.02929 -0.16089
 3.06061 -0.18596
 3.09192 -0.20563
 3.12323 -0.21935
 3.15455 -0.22676
 3.18586 -0.22770
 3.21717 -0.22221
 3.24848 -0.21053
 3.27980 -0.19313
 3.31111 -0.17064
 3.34242 -0.14386
 3.37374 -0.11375
 3.40505 -0.08136
 3.43636 -0.04783
 3.46768 -0.01434
 3.49899  0.01795
 3.53030  0.04790
 3.56162  0.07448
 3.59293  0.09676
 3.62424  0.11397
 3.65556  0.12557
 3.68687  0.13121
 3.71818  0.13082
 3.74949  0.12461
 3.78081  0.11312
 3.81212  0.09719
 3.84343  0.07801
 3.87475  0.05714
 3.90606  0.03646
 3.93737  0.01824
 3.96869  0.00510
 4.00000  0.00000
