 1.95000 -7.29864
 1.99091  4.45272
 2.03182 10.88395
 2.07273 13.74336
 2.11364 14.37959
 2.15455 13.72400
 2.19545 12.37123
 2.23636 10.67797
 2.27727  8.84791
 2.31818  6.99398
 2.35909  5.17924
 2.40000  3.44124
 2.44091  1.80511
 2.48182  0.28957
 2.52273 -1.09082
 2.56364 -2.32534
 2.60455 -3.40727
 2.64545 -4.33413
 2.68636 -5.10758
 2.72727 -5.73303
 2.76818 -6.21905
 2.80909 -6.57655
 2.85000 -6.81804
 2.89091 -6.95681
 2.93182 -7.00634
 2.97273 -6.97971
 3.01364 -6.88926
 3.05455 -6.74629
 3.09545 -6.56095
 3.13636 -6.34214
 3.17727 -6.09758
 3.21818 -5.83384
 3.25909 -5.55647
 3.30000 -5.27010
 3.34091 -4.97859
 3.38182 -4.68512
 3.42273 -4.39232
 3.46364 -4.10236
 3.50455 -3.81706
 3.54545 -3.53791
 3.58636 -3.26617
 3.62727 -3.00291
 3.66818 -2.74902
 3.70909 -2.50522
 3.75000 -2.27214
 3.79091 -2.05028
 3.83182 -1.84001
 3.87273 -1.64162
 3.91364 -1.45531
 3.95455 -1.28115
 3.99545 -1.11916
 4.03636 -0.96925
 4.07727 -0.83125
 4.11818 -0.70493
 4.15909 -0.58997
 4.20000 -0.48600
 4.24091 -0.39259
 4.28182 -0.30928
 4.32273 -0.23555
 4.36364 -0.17085
 4.40455 -0.11462
 4.44545 -0.06627
 4.48636 -0.02523
 4.52727  0.00912
 4.56818  0.03735
 4.60909  0.06005
 4.65000  0.07778
 4.69091  0.09109
 4.73182  0.10049
 4.77273  0.10649
 4.81364  0.10955
 4.85455  0.11010
 4.89545  0.10857
 4.93636  0.10532
 4.97727  0.10071
 5.01818  0.09503
 5.05909  0.08857
 5.10000  0.08158
 5.14091  0.07427
 5.18182  0.06685
 5.22273  0.05948
 5.26364  0.05228
 5.30455  0.04538
 5.34545  0.03886
 5.38636  0.03281
 5.42727  0.02726
 5.46818  0.02225
 5.50909  0.01781
 5.55000  0.01393
 5.59091  0.01061
 5.63182  0.00783
 5.67273  0.00556
 5.71364  0.00376
 5.75455  0.00239
 5.79545  0.00139
 5.83636  0.00072
 5.87727  0.00030
 5.91818  0.00009
 5.95909  0.00001
 6.00000  0.00000
