 0.90000 -34.06642
 0.95152 -1.42063
 1.00303  7.20331
 1.05455  7.99946
 1.10606  6.90137
 1.15758  5.69264
 1.20909  4.70097
 1.26061  3.87420
 1.31212  3.14034
 1.36364  2.48327
 1.41515  1.92681
 1.46667  1.50403
 1.51818  1.23636
 1.56970  1.12560
 1.62121  1.15506
 1.67273  1.29540
 1.72424  1.51137
 1.77576  1.76778
 1.82727  2.03358
 1.87879  2.28424
 1.93030  2.50237
 1.98182  2.67750
 2.03333  2.80494
 2.08485  2.88456
 2.13636  2.91943
 2.18788  2.91458
 2.23939  2.87604
 2.29091  2.81006
 2.34242  2.72261
 2.39394  2.61906
 2.44545  2.50401
 2.49697  2.38126
 2.54848  2.25382
 2.60000  2.12405
 2.65152  1.99372
 2.70303  1.86414
 2.75455  1.73627
 2.80606  1.61082
 2.85758  1.48832
 2.90909  1.36917
 2.96061  1.25372
 3.01212  1.14224
 3.06364  1.03500
 3.11515  0.93223
 3.16667  0.83415
 3.21818  0.74096
 3.26970  0.65285
 3.32121  0.56996
 3.37273  0.49240
 3.42424  0.42026
 3.47576  0.35355
 3.52727  0.29229
 3.57879  0.23641
 3.63030  0.18581
 3.68182  0.14037
 3.73333  0.09991
 3.78485  0.06423
 3.83636  0.03310
 3.88788  0.00626
 3.93939 -0.01657
 3.99091 -0.03566
 4.04242 -0.05131
 4.09394 -0.06381
 4.14545 -0.07347
 4.19697 -0.08057
 4.24848 -0.08539
 4.30000 -0.08822
 4.35152 -0.08931
 4.40303 -0.08891
 4.45455 -0.08725
 4.50606 -0.08455
 4.55758 -0.08101
 4.60909 -0.07681
 4.66061 -0.07211
 4.71212 -0.06706
 4.76364 -0.06179
 4.81515 -0.05642
 4.86667 -0.05105
 4.91818 -0.04577
 4.96970 -0.04064
 5.02121 -0.03572
 5.07273 -0.03107
 5.12424 -0.02672
 5.17576 -0.02270
 5.22727 -0.01903
 5.27879 -0.01571
 5.33030 -0.01276
 5.38182 -0.01016
 5.43333 -0.00792
 5.48485 -0.00601
 5.53636 -0.00443
 5.58788 -0.00314
 5.63939 -0.00212
 5.69091 -0.00134
 5.74242 -0.00078
 5.79394 -0.00040
 5.84545 -0.00017
 5.89697 -0.00005
 5.94848 -0.00001
 6.00000  0.00000
