 0.75000 9929.17068
 0.80303 2592.85977
 0.85606 290.93239
 0.90909 -228.22590
 0.96212 -233.00579
 1.01515 -154.32720
 1.06818 -101.87133
 1.12121 -81.26045
 1.17424 -76.12533
 1.22727 -73.38653
 1.28030 -67.31191
 1.33333 -57.33383
 1.38636 -45.19903
 1.43939 -33.03378
 1.49242 -22.41874
 1.54545 -14.15133
 1.59848 -8.36132
 1.65152 -4.74724
 1.70455 -2.80591
 1.75758 -2.00241
 1.81061 -1.87134
 1.86364 -2.06120
 1.91667 -2.33975
 1.96970 -2.57720
 2.02273 -2.72037
 2.07576 -2.76604
 2.12879 -2.73821
 2.18182 -2.67113
 2.23485 -2.59807
 2.28788 -2.54512
 2.34091 -2.52876
 2.39394 -2.55591
 2.44697 -2.62548
 2.50000 -2.73057
 2.55303 -2.86075
 2.60606 -3.00412
 2.65909 -3.14890
 2.71212 -3.28458
 2.76515 -3.40263
 2.81818 -3.49677
 2.87121 -3.56304
 2.92424 -3.59958
 2.97727 -3.60633
 3.03030 -3.58468
 3.08333 -3.53703
 3.13636 -3.46651
 3.18939 -3.37660
 3.24242 -3.27089
 3.29545 -3.15290
 3.34848 -3.02589
 3.40152 -2.89282
 3.45455 -2.75625
 3.50758 -2.61835
 3.56061 -2.48089
 3.61364 -2.34526
 3.66667 -2.21254
 3.71970 -2.08350
 3.77273 -1.95869
 3.82576 -1.83845
 3.87879 -1.72295
 3.93182 -1.61227
 3.98485 -1.50638
 4.03788 -1.40520
 4.09091 -1.30862
 4.14394 -1.21650
 4.19697 -1.12869
 4.25000 -1.04506
 4.30303 -0.96546
 4.35606 -0.88978
 4.40909 -0.81790
 4.46212 -0.74973
 4.51515 -0.68516
 4.56818 -0.62413
 4.62121 -0.56656
 4.67424 -0.51238
 4.72727 -0.46151
 4.78030 -0.41390
 4.83333 -0.36947
 4.88636 -0.32815
 4.93939 -0.28986
 4.99242 -0.25453
 5.04545 -0.22205
 5.09848 -0.19234
 5.15152 -0.16529
 5.20455 -0.14080
 5.25758 -0.11877
 5.31061 -0.09907
 5.36364 -0.08158
 5.41667 -0.06619
 5.46970 -0.05277
 5.52273 -0.04119
 5.57576 -0.03134
 5.62879 -0.02308
 5.68182 -0.01630
 5.73485 -0.01087
 5.78788 -0.00668
 5.84091 -0.00360
 5.89394 -0.00153
 5.94697 -0.00037
 6.00000  0.00000
