 0.75000 42.97690
 0.80303 10.18746
 0.85606 -11.09951
 0.90909 -24.20902
 0.96212 -31.45604
 1.01515 -34.51111
 1.06818 -34.61628
 1.12121 -32.71543
 1.17424 -29.53400
 1.22727 -25.62898
 1.28030 -21.42185
 1.33333 -17.22224
 1.38636 -13.24673
 1.43939 -9.63532
 1.49242 -6.46630
 1.54545 -3.77001
 1.59848 -1.54128
 1.65152  0.24968
 1.70455  1.64806
 1.75758  2.70703
 1.81061  3.48199
 1.86364  4.02648
 1.91667  4.38944
 1.96970  4.61363
 2.02273  4.73491
 2.07576  4.78229
 2.12879  4.77835
 2.18182  4.73995
 2.23485  4.67913
 2.28788  4.60402
 2.34091  4.51970
 2.39394  4.42901
 2.44697  4.33322
 2.50000  4.23261
 2.55303  4.12687
 2.60606  4.01550
 2.65909  3.89798
 2.71212  3.77395
 2.76515  3.64330
 2.81818  3.50619
 2.87121  3.36307
 2.92424  3.21461
 2.97727  3.06174
 3.03030  2.90548
 3.08333  2.74700
 3.13636  2.58751
 3.18939  2.42820
 3.24242  2.27026
 3.29545  2.11477
 3.34848  1.96276
 3.40152  1.81512
 3.45455  1.67261
 3.50758  1.53589
 3.56061  1.40546
 3.61364  1.28172
 3.66667  1.16493
 3.71970  1.05525
 3.77273  0.95275
 3.82576  0.85739
 3.87879  0.76906
 3.93182  0.68760
 3.98485  0.61278
 4.03788  0.54433
 4.09091  0.48195
 4.14394  0.42533
 4.19697  0.37410
 4.25000  0.32794
 4.30303  0.28648
 4.35606  0.24939
 4.40909  0.21630
 4.46212  0.18690
 4.51515  0.16087
 4.56818  0.13790
 4.62121  0.11770
 4.67424  0.10001
 4.72727  0.08456
 4.78030  0.07114
 4.83333  0.05951
 4.88636  0.04949
 4.93939  0.04089
 4.99242  0.03354
 5.04545  0.02729
 5.09848  0.02202
 5.15152  0.01758
 5.20455  0.01389
 5.25758  0.01083
 5.31061  0.00833
 5.36364  0.00629
 5.41667  0.00466
 5.46970  0.00337
 5.52273  0.00236
 5.57576  0.00160
 5.62879  0.00103
 5.68182  0.00063
 5.73485  0.00035
 5.78788  0.00017
 5.84091  0.00007
 5.89394  0.00002
 5.94697  0.00000
 6.00000  0.00000
