 0.75000 32.85322
 0.78283 14.95586
 0.81566 -0.14062
 0.84848 -11.97042
 0.88131 -20.78152
 0.91414 -27.03860
 0.94697 -31.21093
 0.97980 -33.70087
 1.01263 -34.83477
 1.04545 -34.87626
 1.07828 -34.04348
 1.11111 -32.52306
 1.14394 -30.47905
 1.17677 -28.05758
 1.20960 -25.38855
 1.24242 -22.58583
 1.27525 -19.74685
 1.30808 -16.95237
 1.34091 -14.26666
 1.37374 -11.73832
 1.40657 -9.40150
 1.43939 -7.27757
 1.47222 -5.37701
 1.50505 -3.70138
 1.53788 -2.24521
 1.57071 -0.99779
 1.60354  0.05522
 1.63636  0.93050
 1.66919  1.64589
 1.70202  2.21957
 1.73485  2.66932
 1.76768  3.01212
 1.80051  3.26377
 1.83333  3.43870
 1.86616  3.54989
 1.89899  3.60882
 1.93182  3.62555
 1.96465  3.60875
 1.99747  3.56581
 2.03030  3.50295
 2.06313  3.42536
 2.09596  3.33729
 2.12879  3.24214
 2.16162  3.14264
 2.19444  3.04088
 2.22727  2.93842
 2.26010  2.83640
 2.29293  2.73560
 2.32576  2.63649
 2.35859  2.53930
 2.39141  2.44410
 2.42424  2.35081
 2.45707  2.25926
 2.48990  2.16921
 2.52273  2.08041
 2.55556  1.99260
 2.58838  1.90555
 2.62121  1.81903
 2.65404  1.73288
 2.68687  1.64700
 2.71970  1.56134
 2.75253  1.47590
 2.78535  1.39076
 2.81818  1.30604
 2.85101  1.22193
 2.88384  1.13866
 2.91667  1.05649
 2.94949  0.97573
 2.98232  0.89668
 3.01515  0.81968
 3.04798  0.74506
 3.08081  0.67315
 3.11364  0.60425
 3.14646  0.53866
 3.17929  0.47663
 3.21212  0.41838
 3.24495  0.36410
 3.27778  0.31391
 3.31061  0.26790
 3.34343  0.22611
 3.37626  0.18853
 3.40909  0.15509
 3.44192  0.12569
 3.47475  0.10016
 3.50758  0.07831
 3.54040  0.05991
 3.57323  0.04469
 3.60606  0.03237
 3.63889  0.02263
 3.67172  0.01516
 3.70455  0.00962
 3.73737  0.00569
 3.77020  0.00306
 3.80303  0.00143
 3.83586  0.00053
 3.86869  0.00011
 3.90152 -0.00002
 3.93434 -0.00003
 3.96717 -0.00001
 4.00000  0.00000
