JOB PARAMETERS:

Temperature is 2000.00000
Time step is  0.12500 fs
Number of steps is 1000
Number of layers is 1
Chebyshev short-range pair forces will be used
Force parameters will be read from params.cheby.txt
Coulomb forces will be calculated with Ewald sums
ReaxFF overcoordination term will be calculated
Charges will be taken from params.txt
Pressures will be calculated using the virial
Velocities will be read from input.xyz
Random number seed = 12357
Trajectory will be written to traj.gen every 20 steps
Energies will be written every 10 steps
Nose-Hoover thermostat time = 10.00000 fs

END OF JOB PARAMETERS

Reading positions from input.xyz
v.c.o.m. = 6.96396867455082e-14   -5.22171506391837e-14   1.88826311419191e-14
v.c.o.m. = 1.54069251266328e-18   3.08138502532655e-18   4.71837082003128e-18
pair type: 0
Cheby minimum = 0.75
Cheby maximum = 6
Cheby order    = 10
Morse lambda value= 1.25
pair type: 1
Cheby minimum = 0.75
Cheby maximum = 6
Cheby order    = 10
Morse lambda value= 1.25
pair type: 2
Cheby minimum = 0.75
Cheby maximum = 6
Cheby order    = 10
Morse lambda value= 1.25
Total potential parameters: 30
Reading overcoordination parameters from params.cheby.txt
Overcoordination parameter 0 =  5.000000e+01
Overcoordination parameter 1 =  1.016500e+00
Overcoordination parameter 2 = -6.570000e-02
Overcoordination parameter 3 =  5.045100e+00
Overcoordination parameter 4 = -3.614100e+00
Potential parameters read in:
0 62.2127499759
1 -23.0058394611
2 25.6115116213
3 -32.3011012408
4 2.13621864616
5 9.58570005996
6 36.2596079372
7 -39.3524037737
8 -47.3128663434
9 -28.7310041155
10 -1.94199424254
11 28.4905870746
12 26.7982167006
13 16.4610485929
14 1.21086155632
15 4.56868165066
16 0.0147452195329
17 -0.808059298312
18 1.17821845437
19 0.875251694456
20 -10.7275257952
21 -17.4877195846
22 -35.0652344898
23 -36.6026047167
24 -36.9704523362
25 -27.880026185
26 -20.5343858455
27 -13.1580475991
28 -6.86948129808
29 -2.72203801484
30 136.955508133
31 -68.477756554
32 34.2388778567
33 25.2543487545
Q[H] from params file =      0.32111 e
Charge equation 1 error =     -0.00000
Charge sum per atom =   0.00000e+00
Total Mass                   = 576.48000 au
Volume                       = 638.08412 Ang.^3
Number density               =  0.24983 mol atm/cc
Mass density                 =  1.50023 g/cc
Requested Ewald accuracy  =  1.000000e-07
Ewald alpha               =  5.853127e-01
R-Space Ewald cutoff      =  6.173215e+00
R-Space accuracy estimate =  5.220777e-08
K-Space accuracy estimate =  5.489244e-07
Cutting off K-vectors with magnitude less than 6
Number of Ewald K-vectors = 894
K-space accuracy estimate = 6.6261033015771e-08
    Step      Time          Ktot/N          Vtot/N          Etot/N               T               P         Econs/N
              (fs)      (kcal/mol)      (kcal/mol)      (kcal/mol)             (K)           (GPa)      (kcal/mol)
      10      1.25       3.8816171     -55.0447483     -51.1631312          1316.0          13.160    -51.1794504
      20      2.50       3.7089634     -54.8159177     -51.1069543          1257.5          14.623    -51.1791535
      30      3.75       3.8045779     -54.8133197     -51.0087418          1289.9          13.220    -51.1793425
      40      5.00       3.9014853     -54.7655256     -50.8640403          1322.8          10.345    -51.1792909
      50      6.25       3.9072165     -54.5836178     -50.6764013          1324.7           8.169    -51.1790830
      60      7.50       4.0781765     -54.5221717     -50.4439952          1382.7           7.772    -51.1789102
      70      8.75       4.5360433     -54.6877813     -50.1517380          1537.9           9.063    -51.1789759
      80     10.00       4.9067478     -54.7009790     -49.7942312          1663.6          11.506    -51.1789640
      90     11.25       5.0792278     -54.4709609     -49.3917331          1722.1          13.674    -51.1783693
     100     12.50       5.6516656     -54.5911479     -48.9394823          1916.2          13.721    -51.1785499
     110     13.75       6.0680822     -54.4986345     -48.4305523          2057.4          12.338    -51.1784944
     120     15.00       6.0610629     -53.9722098     -47.9111469          2055.0          11.011    -51.1783946
     130     16.25       6.1442270     -53.5414278     -47.3972007          2083.2          10.127    -51.1784772
     140     17.50       6.5570656     -53.4286555     -46.8715899          2223.1          10.145    -51.1786581
     150     18.75       7.0333697     -53.3636794     -46.3303097          2384.6          11.537    -51.1785636
     160     20.00       7.4156783     -53.2134678     -45.7977895          2514.3          13.878    -51.1787197
     170     21.25       7.5716660     -52.8765195     -45.3048535          2567.1          15.488    -51.1782656
     180     22.50       7.9727349     -52.8388142     -44.8660793          2703.1          14.721    -51.1783321
     190     23.75       8.3376870     -52.8297557     -44.4920687          2826.9          12.654    -51.1785993
     200     25.00       8.0993220     -52.3172123     -44.2178902          2746.0          11.453    -51.1782666
     210     26.25       7.7162263     -51.7638316     -44.0476053          2616.2          11.611    -51.1779945
     220     27.50       7.7230746     -51.6809103     -43.9578357          2618.5          12.077    -51.1780717
     230     28.75       8.0512216     -51.9949763     -43.9437547          2729.7          12.436    -51.1784954
     240     30.00       8.2085207     -52.2299752     -44.0214545          2783.1          13.463    -51.1789630
     250     31.25       7.7488571     -51.9408986     -44.1920415          2627.2          14.530    -51.1783583
     260     32.50       7.3425885     -51.7685832     -44.4259947          2489.5          14.672    -51.1783818
     270     33.75       7.1209272     -51.8293317     -44.7084046          2414.3          13.208    -51.1786260
     280     35.00       6.8105765     -51.8354472     -45.0248706          2309.1          11.306    -51.1788266
     290     36.25       6.3818813     -51.7377639     -45.3558826          2163.8          10.048    -51.1786818
     300     37.50       6.0474995     -51.7302669     -45.6827674          2050.4           9.898    -51.1787178
     310     38.75       5.9105897     -51.9138313     -46.0032416          2004.0          10.759    -51.1790382
     320     40.00       5.8389184     -52.1588232     -46.3199049          1979.7          11.962    -51.1796150
     330     41.25       5.6367197     -52.2637332     -46.6270134          1911.1          13.266    -51.1798661
     340     42.50       5.4262417     -52.3390246     -46.9127828          1839.7          13.635    -51.1794920
     350     43.75       5.6919909     -52.8808173     -47.1888264          1929.8          12.459    -51.1805858
     360     45.00       5.7254676     -53.1944309     -47.4689633          1941.2          11.551    -51.1811792
     370     46.25       5.2159759     -52.9436395     -47.7276636          1768.5          11.657    -51.1803659
     380     47.50       5.1957178     -53.1487865     -47.9530687          1761.6          11.291    -51.1807011
     390     48.75       5.4915341     -53.6629891     -48.1714550          1861.9          10.993    -51.1818946
     400     50.00       5.1643407     -53.5386477     -48.3743070          1750.9          12.349    -51.1814647
     410     51.25       4.7895129     -53.3319732     -48.5424602          1623.9          13.660    -51.1811749
     420     52.50       4.7980561     -53.4757350     -48.6776789          1626.8          13.047    -51.1815570
     430     53.75       4.8932852     -53.6802047     -48.7869195          1659.0          11.227    -51.1817595
     440     55.00       4.7840423     -53.6540241     -48.8699818          1622.0          10.087    -51.1817930
     450     56.25       4.4563500     -53.3771695     -48.9208195          1510.9           9.805    -51.1813668
     460     57.50       4.4274607     -53.3636233     -48.9361627          1501.1           9.187    -51.1811485
     470     58.75       4.9285593     -53.8463019     -48.9177426          1671.0           8.405    -51.1816299
     480     60.00       5.3110612     -54.1817101     -48.8706490          1800.7           9.466    -51.1821339
     490     61.25       5.0887522     -53.8927247     -48.8039725          1725.3          12.246    -51.1814026
     500     62.50       5.2824428     -54.0014509     -48.7190081          1791.0          13.642    -51.1817547
     510     63.75       5.5634359     -54.1733303     -48.6098944          1886.3          12.964    -51.1818699
     520     65.00       5.3804220     -53.8697668     -48.4893448          1824.2          11.592    -51.1814378
     530     66.25       5.1593054     -53.5185228     -48.3592174          1749.2           9.719    -51.1813259
     540     67.50       5.1412016     -53.3544176     -48.2132159          1743.1           8.088    -51.1810342
     550     68.75       5.5706823     -53.6116376     -48.0409553          1888.7           7.535    -51.1812654
     560     70.00       6.0245721     -53.8677982     -47.8432260          2042.6           8.706    -51.1812080
     570     71.25       6.2651152     -53.9017375     -47.6366223          2124.2          11.089    -51.1813090
     580     72.50       6.4603432     -53.8969158     -47.4365726          2190.4          13.031    -51.1806862
     590     73.75       6.9639262     -54.2097269     -47.2458007          2361.1          13.486    -51.1816683
     600     75.00       6.7333670     -53.8187250     -47.0853579          2282.9          13.384    -51.1805951
     610     76.25       6.6580086     -53.6193951     -46.9613865          2257.4          12.516    -51.1810662
     620     77.50       6.3110330     -53.1757109     -46.8646780          2139.7          11.626    -51.1806576
     630     78.75       6.1095258     -52.8971444     -46.7876186          2071.4          10.869    -51.1803735
     640     80.00       6.3724385     -53.0908547     -46.7184163          2160.5          10.406    -51.1806849
     650     81.25       6.5266348     -53.1892019     -46.6625671          2212.8          11.727    -51.1810491
     660     82.50       6.1443402     -52.7704186     -46.6260785          2083.2          14.546    -51.1806114
     670     83.75       5.9880451     -52.5886741     -46.6006291          2030.2          15.277    -51.1804099
     680     85.00       6.3451415     -52.9248503     -46.5797088          2151.3          12.915    -51.1810344
     690     86.25       6.3024219     -52.8731863     -46.5707644          2136.8          10.231    -51.1806918
     700     87.50       5.9845731     -52.5593554     -46.5747822          2029.0           9.314    -51.1805684
     710     88.75       5.6012512     -52.1822058     -46.5809546          1899.1          10.095    -51.1803564
     720     90.00       5.5562867     -52.1350834     -46.5787967          1883.8          10.930    -51.1800701
     730     91.25       6.0724879     -52.6411994     -46.5687115          2058.9          11.562    -51.1808003
     740     92.50       6.3514331     -52.9133961     -46.5619630          2153.4          13.138    -51.1807459
     750     93.75       6.3604647     -52.9298172     -46.5693525          2156.5          15.687    -51.1805013
     760     95.00       6.5805933     -53.1747135     -46.5941202          2231.1          16.860    -51.1809938
     770     96.25       6.6254279     -53.2683338     -46.6429059          2246.3          16.586    -51.1813129
     780     97.50       6.2321425     -52.9447619     -46.7126193          2113.0          15.006    -51.1807512
     790     98.75       6.0175045     -52.8080770     -46.7905725          2040.2          12.253    -51.1807797
     800    100.00       5.8749226     -52.7449498     -46.8700272          1991.9           9.600    -51.1804242
     810    101.25       5.8958141     -52.8443383     -46.9485243          1999.0           8.297    -51.1804778
     820    102.50       6.0324253     -53.0612666     -47.0288413          2045.3           9.271    -51.1807409
     830    103.75       6.0405824     -53.1542630     -47.1136806          2048.0          11.904    -51.1806112
     840    105.00       6.2237990     -53.4280316     -47.2042326          2110.2          13.724    -51.1805458
     850    106.25       6.7228952     -54.0371172     -47.3142220          2279.4          13.675    -51.1816122
     860    107.50       6.6595507     -54.1148204     -47.4552697          2257.9          13.241    -51.1817366
     870    108.75       6.0490338     -53.6605042     -47.6114704          2050.9          12.891    -51.1810628
     880    110.00       5.7321222     -53.4930222     -47.7609001          1943.5          11.299    -51.1810796
     890    111.25       5.7446710     -53.6482121     -47.9035411          1947.7           9.377    -51.1813646
     900    112.50       5.6435055     -53.6837466     -48.0402411          1913.4           9.017    -51.1812658
     910    113.75       5.4619023     -53.6274488     -48.1655466          1851.8          10.864    -51.1812556
     920    115.00       5.3595274     -53.6347212     -48.2751939          1817.1          13.222    -51.1813229
     930    116.25       5.4492828     -53.8188626     -48.3695798          1847.6          14.460    -51.1814337
     940    117.50       5.7623993     -54.2179366     -48.4555373          1953.7          14.252    -51.1820510
     950    118.75       5.7478029     -54.2865994     -48.5387965          1948.8          13.781    -51.1820072
     960    120.00       5.3954581     -54.0087394     -48.6132814          1829.3          13.272    -51.1816760
     970    121.25       5.1268889     -53.7966449     -48.6697561          1738.3          11.832    -51.1815500
     980    122.50       5.0409947     -53.7453869     -48.7043922          1709.1           9.662    -51.1816432
     990    123.75       5.0302014     -53.7460068     -48.7158054          1705.5           8.360    -51.1816311
    1000    125.00       4.9863501     -53.6905812     -48.7042311          1690.6           8.811    -51.1817934
Average temperature over run =  1996.54 K
Average pressure over run    =  11.8522 GPa
