Evaluation command = fit_overcoord.pl
Evaluation input file = overcoord.in
Evaluation output file = error.out
Number of parameters to fit = 4
Initial guess for parameters 
 9.6000e-01
-2.5881e-01
 3.8995e+00
-8.9000e+00
Number of cycles = 2
Maximum MC Step size 
0.010000
0.010000
0.010000
0.010000
 UP = 0.010000
Performing Great Deluge Algorithm Optimization
Parameter 1 =   9.6000387075695e-01
Parameter 2 =  -2.5881042987450e-01
Parameter 3 =   3.8995379237250e+00
Parameter 4 =  -8.9000000000000e+00
   Objective function =   1.3875671780200e+01
Parameter 1 =   9.5950387075695e-01
Parameter 2 =  -2.5881042987450e-01
Parameter 3 =   3.8995379237250e+00
Parameter 4 =  -8.9000000000000e+00
   Objective function =   1.3877184579200e+01
Parameter 1 =   9.6000387075695e-01
Parameter 2 =  -2.5930944447983e-01
Parameter 3 =   3.8995379237250e+00
Parameter 4 =  -8.9000000000000e+00
   Objective function =   1.3877106032300e+01
Parameter 1 =   9.6000387075695e-01
Parameter 2 =  -2.5881042987450e-01
Parameter 3 =   3.8990795547266e+00
Parameter 4 =  -8.9000000000000e+00
   Objective function =   1.3875612295200e+01
Water Level =  1.38757e+01
Parameter 1 =   9.6000387075695e-01
Parameter 2 =  -2.5881042987450e-01
Parameter 3 =   3.8990795547266e+00
Parameter 4 =  -8.9003233573575e+00
   Objective function =   1.3875615216700e+01
Water Level =  1.38757e+01
Parameter 1 =   9.6000387075695e-01
Parameter 2 =  -2.5881042987450e-01
Parameter 3 =   3.8990795547266e+00
Parameter 4 =  -8.9003233573575e+00
   Objective function =   1.3875615216700e+01
 Cycle 0 Value    13.87562
Parameter 1 =   9.5986847300534e-01
Parameter 2 =  -2.5881042987450e-01
Parameter 3 =   3.8990795547266e+00
Parameter 4 =  -8.9003233573575e+00
   Objective function =   1.3876024136900e+01
Parameter 1 =   9.6000387075695e-01
Parameter 2 =  -2.5921909926239e-01
Parameter 3 =   3.8990795547266e+00
Parameter 4 =  -8.9003233573575e+00
   Objective function =   1.3876789583600e+01
Parameter 1 =   9.6000387075695e-01
Parameter 2 =  -2.5881042987450e-01
Parameter 3 =   3.8986718523743e+00
Parameter 4 =  -8.9003233573575e+00
   Objective function =   1.3875562293200e+01
Water Level =  1.38757e+01
Parameter 1 =   9.6000387075695e-01
Parameter 2 =  -2.5881042987450e-01
Parameter 3 =   3.8986718523743e+00
Parameter 4 =  -8.9003361401335e+00
   Objective function =   1.3875562408700e+01
Water Level =  1.38757e+01
Parameter 1 =   9.6000387075695e-01
Parameter 2 =  -2.5881042987450e-01
Parameter 3 =   3.8986718523743e+00
Parameter 4 =  -8.9003361401335e+00
   Objective function =   1.3875562408700e+01
 Cycle 1 Value    13.87556
Parameter 1 =   9.6000387075695e-01
Parameter 2 =  -2.5881042987450e-01
Parameter 3 =   3.8986718523743e+00
Parameter 4 =  -8.9003361401335e+00
   Objective function =   1.3875562408700e+01
0.960004
-0.258810
3.898672
-8.900336
 Value after Great Deluge Algorithm = 13.875562
